[2019-08-20 09:58:39.755] [exthost] [info] extension host started
[2019-08-20 09:58:40.427] [exthost] [info] ExtensionService#_doActivateExtension aaron-bond.better-comments {"startup":false,"activationEvent":"onLanguage:plaintext"}
[2019-08-20 09:58:40.427] [exthost] [info] ExtensionService#loadCommonJSModule /home/ghost/.vscode/extensions/aaron-bond.better-comments-2.0.5/out/extension
[2019-08-20 09:58:40.485] [exthost] [info] ExtensionService#_doActivateExtension pucelle.vscode-css-navigation {"startup":false,"activationEvent":"onLanguage:plaintext"}
[2019-08-20 09:58:40.485] [exthost] [info] ExtensionService#loadCommonJSModule /home/ghost/.vscode/extensions/pucelle.vscode-css-navigation-1.7.1/client/out/extension
[2019-08-20 09:58:41.095] [exthost] [info] ExtensionService#_doActivateExtension vscode.debug-auto-launch {"startup":true,"activationEvent":"*"}
[2019-08-20 09:58:41.096] [exthost] [info] ExtensionService#loadCommonJSModule /snap/code/12/usr/share/code/resources/app/extensions/debug-auto-launch/dist/extension
[2019-08-20 09:58:41.126] [exthost] [info] ExtensionService#_doActivateExtension vscode.emmet {"startup":true,"activationEvent":"*"}
[2019-08-20 09:58:41.126] [exthost] [info] ExtensionService#loadCommonJSModule /snap/code/12/usr/share/code/resources/app/extensions/emmet/dist/extension
[2019-08-20 09:58:41.648] [exthost] [info] ExtensionService#_doActivateExtension vscode.git {"startup":true,"activationEvent":"*"}
[2019-08-20 09:58:41.648] [exthost] [info] ExtensionService#loadCommonJSModule /snap/code/12/usr/share/code/resources/app/extensions/git/dist/main
[2019-08-20 09:58:42.906] [exthost] [info] ExtensionService#_doActivateExtension vscode.merge-conflict {"startup":true,"activationEvent":"*"}
[2019-08-20 09:58:42.933] [exthost] [info] ExtensionService#loadCommonJSModule /snap/code/12/usr/share/code/resources/app/extensions/merge-conflict/dist/extension
[2019-08-20 09:58:42.986] [exthost] [info] ExtensionService#_doActivateExtension bajdzis.vscode-twig-pack {"startup":true,"activationEvent":"*"}
[2019-08-20 09:58:42.986] [exthost] [info] ExtensionService#loadCommonJSModule /home/ghost/.vscode/extensions/bajdzis.vscode-twig-pack-1.0.0/extension
[2019-08-20 09:58:42.991] [exthost] [info] ExtensionService#_doActivateExtension CoenraadS.bracket-pair-colorizer {"startup":true,"activationEvent":"*"}
[2019-08-20 09:58:43.009] [exthost] [info] ExtensionService#loadCommonJSModule /home/ghost/.vscode/extensions/coenraads.bracket-pair-colorizer-1.0.61/out/src/extension
[2019-08-20 09:58:43.181] [exthost] [info] ExtensionService#_doActivateExtension Equinusocio.vsc-material-theme {"startup":true,"activationEvent":"*"}
[2019-08-20 09:58:43.181] [exthost] [info] ExtensionService#loadCommonJSModule /home/ghost/.vscode/extensions/equinusocio.vsc-material-theme-30.0.0/out/src/material.theme.config
[2019-08-20 09:58:43.270] [exthost] [info] ExtensionService#_doActivateExtension esbenp.prettier-vscode {"startup":true,"activationEvent":"*"}
[2019-08-20 09:58:43.270] [exthost] [info] ExtensionService#loadCommonJSModule /home/ghost/.vscode/extensions/esbenp.prettier-vscode-1.9.0/out/src/extension
[2019-08-20 09:58:47.076] [exthost] [info] ExtensionService#_doActivateExtension manasxx.background-cover {"startup":true,"activationEvent":"*"}
[2019-08-20 09:58:47.076] [exthost] [info] ExtensionService#loadCommonJSModule /home/ghost/.vscode/extensions/manasxx.background-cover-2.2.2/out/extension
[2019-08-20 09:58:47.145] [exthost] [info] ExtensionService#_doActivateExtension mblode.twig-language {"startup":true,"activationEvent":"*"}
[2019-08-20 09:58:47.145] [exthost] [info] ExtensionService#loadCommonJSModule /home/ghost/.vscode/extensions/mblode.twig-language-0.8.9/extension/index
[2019-08-20 09:58:48.178] [exthost] [info] ExtensionService#_doActivateExtension oderwat.indent-rainbow {"startup":true,"activationEvent":"*"}
[2019-08-20 09:58:48.179] [exthost] [info] ExtensionService#loadCommonJSModule /home/ghost/.vscode/extensions/oderwat.indent-rainbow-7.4.0/out/extension
[2019-08-20 09:58:48.215] [exthost] [info] ExtensionService#_doActivateExtension pranaygp.vscode-css-peek {"startup":true,"activationEvent":"*"}
[2019-08-20 09:58:48.229] [exthost] [info] ExtensionService#loadCommonJSModule /home/ghost/.vscode/extensions/pranaygp.vscode-css-peek-3.0.2/out/client/src/extension
[2019-08-20 09:58:49.055] [exthost] [info] ExtensionService#_doActivateExtension remimarsal.prettier-now {"startup":true,"activationEvent":"*"}
[2019-08-20 09:58:49.056] [exthost] [info] ExtensionService#loadCommonJSModule /home/ghost/.vscode/extensions/remimarsal.prettier-now-1.4.9/out/src/extension
[2019-08-20 09:58:49.959] [exthost] [info] ExtensionService#_doActivateExtension Zignd.html-css-class-completion {"startup":true,"activationEvent":"*"}
[2019-08-20 09:58:49.959] [exthost] [info] ExtensionService#loadCommonJSModule /home/ghost/.vscode/extensions/zignd.html-css-class-completion-1.19.0/out/src/extension
[2019-08-20 09:58:54.382] [exthost] [info] eager extensions activated
[2019-08-20 09:59:02.323] [exthost] [info] extension host started
[2019-08-20 09:59:02.415] [exthost] [info] ExtensionService#_doActivateExtension aaron-bond.better-comments {"startup":false,"activationEvent":"onLanguage:plaintext"}
[2019-08-20 09:59:02.422] [exthost] [info] ExtensionService#loadCommonJSModule /home/ghost/.vscode/extensions/aaron-bond.better-comments-2.0.5/out/extension
[2019-08-20 09:59:02.445] [exthost] [info] ExtensionService#_doActivateExtension pucelle.vscode-css-navigation {"startup":false,"activationEvent":"onLanguage:plaintext"}
[2019-08-20 09:59:02.457] [exthost] [info] ExtensionService#loadCommonJSModule /home/ghost/.vscode/extensions/pucelle.vscode-css-navigation-1.7.1/client/out/extension
[2019-08-20 09:59:02.902] [exthost] [info] ExtensionService#_doActivateExtension vscode.debug-auto-launch {"startup":true,"activationEvent":"*"}
[2019-08-20 09:59:02.902] [exthost] [info] ExtensionService#loadCommonJSModule /snap/code/12/usr/share/code/resources/app/extensions/debug-auto-launch/dist/extension
[2019-08-20 09:59:02.911] [exthost] [info] ExtensionService#_doActivateExtension vscode.emmet {"startup":true,"activationEvent":"*"}
[2019-08-20 09:59:02.917] [exthost] [info] ExtensionService#loadCommonJSModule /snap/code/12/usr/share/code/resources/app/extensions/emmet/dist/extension
[2019-08-20 09:59:03.371] [exthost] [info] ExtensionService#_doActivateExtension vscode.git {"startup":true,"activationEvent":"*"}
[2019-08-20 09:59:03.371] [exthost] [info] ExtensionService#loadCommonJSModule /snap/code/12/usr/share/code/resources/app/extensions/git/dist/main
[2019-08-20 09:59:04.318] [exthost] [info] ExtensionService#_doActivateExtension vscode.merge-conflict {"startup":true,"activationEvent":"*"}
[2019-08-20 09:59:04.319] [exthost] [info] ExtensionService#loadCommonJSModule /snap/code/12/usr/share/code/resources/app/extensions/merge-conflict/dist/extension
[2019-08-20 09:59:04.386] [exthost] [info] ExtensionService#_doActivateExtension bajdzis.vscode-twig-pack {"startup":true,"activationEvent":"*"}
[2019-08-20 09:59:04.386] [exthost] [info] ExtensionService#loadCommonJSModule /home/ghost/.vscode/extensions/bajdzis.vscode-twig-pack-1.0.0/extension
[2019-08-20 09:59:04.391] [exthost] [info] ExtensionService#_doActivateExtension CoenraadS.bracket-pair-colorizer {"startup":true,"activationEvent":"*"}
[2019-08-20 09:59:04.402] [exthost] [info] ExtensionService#loadCommonJSModule /home/ghost/.vscode/extensions/coenraads.bracket-pair-colorizer-1.0.61/out/src/extension
[2019-08-20 09:59:04.570] [exthost] [info] ExtensionService#_doActivateExtension Equinusocio.vsc-material-theme {"startup":true,"activationEvent":"*"}
[2019-08-20 09:59:04.570] [exthost] [info] ExtensionService#loadCommonJSModule /home/ghost/.vscode/extensions/equinusocio.vsc-material-theme-30.0.0/out/src/material.theme.config
[2019-08-20 09:59:04.613] [exthost] [info] ExtensionService#_doActivateExtension esbenp.prettier-vscode {"startup":true,"activationEvent":"*"}
[2019-08-20 09:59:04.617] [exthost] [info] ExtensionService#loadCommonJSModule /home/ghost/.vscode/extensions/esbenp.prettier-vscode-1.9.0/out/src/extension
[2019-08-20 09:59:07.996] [exthost] [info] ExtensionService#_doActivateExtension manasxx.background-cover {"startup":true,"activationEvent":"*"}
[2019-08-20 09:59:07.996] [exthost] [info] ExtensionService#loadCommonJSModule /home/ghost/.vscode/extensions/manasxx.background-cover-2.2.2/out/extension
[2019-08-20 09:59:08.054] [exthost] [info] ExtensionService#_doActivateExtension mblode.twig-language {"startup":true,"activationEvent":"*"}
[2019-08-20 09:59:08.060] [exthost] [info] ExtensionService#loadCommonJSModule /home/ghost/.vscode/extensions/mblode.twig-language-0.8.9/extension/index
[2019-08-20 09:59:09.465] [exthost] [info] ExtensionService#_doActivateExtension oderwat.indent-rainbow {"startup":true,"activationEvent":"*"}
[2019-08-20 09:59:09.465] [exthost] [info] ExtensionService#loadCommonJSModule /home/ghost/.vscode/extensions/oderwat.indent-rainbow-7.4.0/out/extension
[2019-08-20 09:59:09.516] [exthost] [info] ExtensionService#_doActivateExtension pranaygp.vscode-css-peek {"startup":true,"activationEvent":"*"}
[2019-08-20 09:59:09.517] [exthost] [info] ExtensionService#loadCommonJSModule /home/ghost/.vscode/extensions/pranaygp.vscode-css-peek-3.0.2/out/client/src/extension
[2019-08-20 09:59:11.014] [exthost] [info] ExtensionService#_doActivateExtension remimarsal.prettier-now {"startup":true,"activationEvent":"*"}
[2019-08-20 09:59:11.014] [exthost] [info] ExtensionService#loadCommonJSModule /home/ghost/.vscode/extensions/remimarsal.prettier-now-1.4.9/out/src/extension
[2019-08-20 09:59:12.727] [exthost] [info] ExtensionService#_doActivateExtension Zignd.html-css-class-completion {"startup":true,"activationEvent":"*"}
[2019-08-20 09:59:12.727] [exthost] [info] ExtensionService#loadCommonJSModule /home/ghost/.vscode/extensions/zignd.html-css-class-completion-1.19.0/out/src/extension
[2019-08-20 09:59:15.955] [exthost] [info] ExtensionService#_doActivateExtension vscode.npm {"startup":true,"activationEvent":"workspaceContains:package.json"}
[2019-08-20 09:59:15.955] [exthost] [info] ExtensionService#loadCommonJSModule /snap/code/12/usr/share/code/resources/app/extensions/npm/dist/main
[2019-08-20 09:59:18.708] [exthost] [info] ExtensionService#_doActivateExtension felixfbecker.php-intellisense {"startup":true,"activationEvent":"workspaceContains:**/*.php"}
[2019-08-20 09:59:18.709] [exthost] [info] ExtensionService#loadCommonJSModule /home/ghost/.vscode/extensions/felixfbecker.php-intellisense-2.3.10/out/extension
[2019-08-20 09:59:20.728] [exthost] [info] eager extensions activated
[2019-08-20 10:05:41.303] [exthost] [info] ExtensionService#_doActivateExtension vscode.configuration-editing {"startup":false,"activationEvent":"onLanguage:json"}
[2019-08-20 10:05:41.303] [exthost] [info] ExtensionService#loadCommonJSModule /snap/code/12/usr/share/code/resources/app/extensions/configuration-editing/dist/extension
[2019-08-20 10:05:41.330] [exthost] [info] ExtensionService#_doActivateExtension vscode.extension-editing {"startup":false,"activationEvent":"onLanguage:json"}
[2019-08-20 10:05:41.330] [exthost] [info] ExtensionService#loadCommonJSModule /snap/code/12/usr/share/code/resources/app/extensions/extension-editing/dist/extension
[2019-08-20 10:05:41.601] [exthost] [info] ExtensionService#_doActivateExtension vscode.json-language-features {"startup":false,"activationEvent":"onLanguage:json"}
[2019-08-20 10:05:41.601] [exthost] [info] ExtensionService#loadCommonJSModule /snap/code/12/usr/share/code/resources/app/extensions/json-language-features/client/dist/jsonMain
[2019-08-20 10:05:41.987] [exthost] [info] ExtensionService#_doActivateExtension lonefy.vscode-JS-CSS-HTML-formatter {"startup":false,"activationEvent":"onLanguage:json"}
[2019-08-20 10:05:41.988] [exthost] [info] ExtensionService#loadCommonJSModule /home/ghost/.vscode/extensions/lonefy.vscode-js-css-html-formatter-0.2.3/out/src/extension
[2019-08-20 10:23:54.518] [exthost] [info] ExtensionService#_doActivateExtension vscode.typescript-language-features {"startup":false,"activationEvent":"onLanguage:javascript"}
[2019-08-20 10:23:54.519] [exthost] [info] ExtensionService#loadCommonJSModule /snap/code/12/usr/share/code/resources/app/extensions/typescript-language-features/dist/extension
[2019-08-20 10:23:55.355] [exthost] [info] ExtensionService#_doActivateExtension ecmel.vscode-html-css {"startup":false,"activationEvent":"onLanguage:javascript"}
[2019-08-20 10:23:55.355] [exthost] [info] ExtensionService#loadCommonJSModule /home/ghost/.vscode/extensions/ecmel.vscode-html-css-0.2.0/out/src/extension
[2019-08-20 11:10:19.935] [exthost] [info] ExtensionService#_doActivateExtension vscode.php-language-features {"startup":false,"activationEvent":"onLanguage:php"}
[2019-08-20 11:10:19.935] [exthost] [info] ExtensionService#loadCommonJSModule /snap/code/12/usr/share/code/resources/app/extensions/php-language-features/dist/phpMain
