[Server(12704) file:///home/ghost/Documents/ng-artisan/generator-ng-artisan] Started and initialize received
[Server(12704) file:///home/ghost/Documents/ng-artisan/generator-ng-artisan] Setup a stylesheet lookup map
[Server(13286) file:///home/ghost/Documents/ng-artisan/laravel-basic-rest] Started and initialize received
[Server(13286) file:///home/ghost/Documents/ng-artisan/laravel-basic-rest] Setup a stylesheet lookup map
[Server(12704) file:///home/ghost/Documents/ng-artisan/generator-ng-artisan] Document opened: file:///home/ghost/Documents/ng-artisan/generator-ng-artisan/index.js
[Server(12704) file:///home/ghost/Documents/ng-artisan/generator-ng-artisan] Document changed: file:///home/ghost/Documents/ng-artisan/generator-ng-artisan/index.js
[Server(13286) file:///home/ghost/Documents/ng-artisan/laravel-basic-rest] Document opened: file:///home/ghost/Documents/ng-artisan/laravel-basic-rest/config/database.php
[Server(13286) file:///home/ghost/Documents/ng-artisan/laravel-basic-rest] Document changed: file:///home/ghost/Documents/ng-artisan/laravel-basic-rest/config/database.php
[Server(12704) file:///home/ghost/Documents/ng-artisan/generator-ng-artisan] Document changed: file:///home/ghost/Documents/ng-artisan/generator-ng-artisan/index.js
[Server(12704) file:///home/ghost/Documents/ng-artisan/generator-ng-artisan] Document changed: file:///home/ghost/Documents/ng-artisan/generator-ng-artisan/index.js
[Server(12704) file:///home/ghost/Documents/ng-artisan/generator-ng-artisan] Document changed: file:///home/ghost/Documents/ng-artisan/generator-ng-artisan/index.js
[Server(12704) file:///home/ghost/Documents/ng-artisan/generator-ng-artisan] Document changed: file:///home/ghost/Documents/ng-artisan/generator-ng-artisan/index.js
[Server(12704) file:///home/ghost/Documents/ng-artisan/generator-ng-artisan] Document changed: file:///home/ghost/Documents/ng-artisan/generator-ng-artisan/index.js
[Server(12704) file:///home/ghost/Documents/ng-artisan/generator-ng-artisan] Document changed: file:///home/ghost/Documents/ng-artisan/generator-ng-artisan/index.js
[Server(12704) file:///home/ghost/Documents/ng-artisan/generator-ng-artisan] Document changed: file:///home/ghost/Documents/ng-artisan/generator-ng-artisan/index.js
[Server(12704) file:///home/ghost/Documents/ng-artisan/generator-ng-artisan] Document changed: file:///home/ghost/Documents/ng-artisan/generator-ng-artisan/index.js
Invalid Selector...
[Server(12704) file:///home/ghost/Documents/ng-artisan/generator-ng-artisan] Document opened: file:///home/ghost/Documents/ng-artisan/generator-ng-artisan/src/functions.js
[Server(12704) file:///home/ghost/Documents/ng-artisan/generator-ng-artisan] Document changed: file:///home/ghost/Documents/ng-artisan/generator-ng-artisan/src/functions.js
Invalid Selector...
[Server(12704) file:///home/ghost/Documents/ng-artisan/generator-ng-artisan] Document opened: file:///home/ghost/Documents/ng-artisan/generator-ng-artisan/src/functions.js
[Server(12704) file:///home/ghost/Documents/ng-artisan/generator-ng-artisan] Document changed: file:///home/ghost/Documents/ng-artisan/generator-ng-artisan/src/functions.js
Invalid Selector...
[Server(12704) file:///home/ghost/Documents/ng-artisan/generator-ng-artisan] Document opened: file:///home/ghost/Documents/ng-artisan/generator-ng-artisan/src/functions.js
[Server(12704) file:///home/ghost/Documents/ng-artisan/generator-ng-artisan] Document changed: file:///home/ghost/Documents/ng-artisan/generator-ng-artisan/src/functions.js
Invalid Selector...
[Server(12704) file:///home/ghost/Documents/ng-artisan/generator-ng-artisan] Document opened: file:///home/ghost/Documents/ng-artisan/generator-ng-artisan/src/functions.js
[Server(12704) file:///home/ghost/Documents/ng-artisan/generator-ng-artisan] Document changed: file:///home/ghost/Documents/ng-artisan/generator-ng-artisan/src/functions.js
Invalid Selector...
[Server(12704) file:///home/ghost/Documents/ng-artisan/generator-ng-artisan] Document opened: file:///home/ghost/Documents/ng-artisan/generator-ng-artisan/src/functions.js
[Server(12704) file:///home/ghost/Documents/ng-artisan/generator-ng-artisan] Document changed: file:///home/ghost/Documents/ng-artisan/generator-ng-artisan/src/functions.js
[Server(12704) file:///home/ghost/Documents/ng-artisan/generator-ng-artisan] Document changed: file:///home/ghost/Documents/ng-artisan/generator-ng-artisan/src/functions.js
[Server(12704) file:///home/ghost/Documents/ng-artisan/generator-ng-artisan] Document changed: file:///home/ghost/Documents/ng-artisan/generator-ng-artisan/src/functions.js
[Server(12704) file:///home/ghost/Documents/ng-artisan/generator-ng-artisan] Document changed: file:///home/ghost/Documents/ng-artisan/generator-ng-artisan/src/functions.js
[Server(12704) file:///home/ghost/Documents/ng-artisan/generator-ng-artisan] Document changed: file:///home/ghost/Documents/ng-artisan/generator-ng-artisan/src/functions.js
[Server(12704) file:///home/ghost/Documents/ng-artisan/generator-ng-artisan] Document changed: file:///home/ghost/Documents/ng-artisan/generator-ng-artisan/src/functions.js
[Server(12704) file:///home/ghost/Documents/ng-artisan/generator-ng-artisan] Document changed: file:///home/ghost/Documents/ng-artisan/generator-ng-artisan/src/functions.js
[Server(12704) file:///home/ghost/Documents/ng-artisan/generator-ng-artisan] Document changed: file:///home/ghost/Documents/ng-artisan/generator-ng-artisan/src/functions.js
[Server(12704) file:///home/ghost/Documents/ng-artisan/generator-ng-artisan] Document changed: file:///home/ghost/Documents/ng-artisan/generator-ng-artisan/src/functions.js
[Server(12704) file:///home/ghost/Documents/ng-artisan/generator-ng-artisan] Document changed: file:///home/ghost/Documents/ng-artisan/generator-ng-artisan/src/functions.js
[Server(12704) file:///home/ghost/Documents/ng-artisan/generator-ng-artisan] Document changed: file:///home/ghost/Documents/ng-artisan/generator-ng-artisan/src/functions.js
[Server(12704) file:///home/ghost/Documents/ng-artisan/generator-ng-artisan] Document changed: file:///home/ghost/Documents/ng-artisan/generator-ng-artisan/src/functions.js
[Server(12704) file:///home/ghost/Documents/ng-artisan/generator-ng-artisan] Document changed: file:///home/ghost/Documents/ng-artisan/generator-ng-artisan/src/functions.js
[Server(12704) file:///home/ghost/Documents/ng-artisan/generator-ng-artisan] Document changed: file:///home/ghost/Documents/ng-artisan/generator-ng-artisan/src/functions.js
[Server(12704) file:///home/ghost/Documents/ng-artisan/generator-ng-artisan] Document changed: file:///home/ghost/Documents/ng-artisan/generator-ng-artisan/src/functions.js
[Server(12704) file:///home/ghost/Documents/ng-artisan/generator-ng-artisan] Document changed: file:///home/ghost/Documents/ng-artisan/generator-ng-artisan/src/functions.js
[Server(12704) file:///home/ghost/Documents/ng-artisan/generator-ng-artisan] Document changed: file:///home/ghost/Documents/ng-artisan/generator-ng-artisan/src/functions.js
[Server(12704) file:///home/ghost/Documents/ng-artisan/generator-ng-artisan] Document changed: file:///home/ghost/Documents/ng-artisan/generator-ng-artisan/src/functions.js
[Server(12704) file:///home/ghost/Documents/ng-artisan/generator-ng-artisan] Document changed: file:///home/ghost/Documents/ng-artisan/generator-ng-artisan/src/functions.js
[Server(12704) file:///home/ghost/Documents/ng-artisan/generator-ng-artisan] Document changed: file:///home/ghost/Documents/ng-artisan/generator-ng-artisan/src/functions.js
[Server(13286) file:///home/ghost/Documents/ng-artisan/laravel-basic-rest] Document opened: file:///home/ghost/Documents/ng-artisan/laravel-basic-rest/bootstrap/cache/packages.php
[Server(13286) file:///home/ghost/Documents/ng-artisan/laravel-basic-rest] Document changed: file:///home/ghost/Documents/ng-artisan/laravel-basic-rest/bootstrap/cache/packages.php
[Server(13286) file:///home/ghost/Documents/ng-artisan/laravel-basic-rest] Document opened: file:///home/ghost/Documents/ng-artisan/laravel-basic-rest/bootstrap/cache/services.php
[Server(13286) file:///home/ghost/Documents/ng-artisan/laravel-basic-rest] Document changed: file:///home/ghost/Documents/ng-artisan/laravel-basic-rest/bootstrap/cache/services.php
[Server(12704) file:///home/ghost/Documents/ng-artisan/generator-ng-artisan] Document changed: file:///home/ghost/Documents/ng-artisan/generator-ng-artisan/src/functions.js
[Server(12704) file:///home/ghost/Documents/ng-artisan/generator-ng-artisan] Document changed: file:///home/ghost/Documents/ng-artisan/generator-ng-artisan/src/functions.js
[Server(12704) file:///home/ghost/Documents/ng-artisan/generator-ng-artisan] Document changed: file:///home/ghost/Documents/ng-artisan/generator-ng-artisan/src/functions.js
[Server(12704) file:///home/ghost/Documents/ng-artisan/generator-ng-artisan] Document changed: file:///home/ghost/Documents/ng-artisan/generator-ng-artisan/src/functions.js
[Server(12704) file:///home/ghost/Documents/ng-artisan/generator-ng-artisan] Document changed: file:///home/ghost/Documents/ng-artisan/generator-ng-artisan/src/functions.js
[Server(12704) file:///home/ghost/Documents/ng-artisan/generator-ng-artisan] Document changed: file:///home/ghost/Documents/ng-artisan/generator-ng-artisan/src/functions.js
[Server(12704) file:///home/ghost/Documents/ng-artisan/generator-ng-artisan] Document changed: file:///home/ghost/Documents/ng-artisan/generator-ng-artisan/src/functions.js
[Server(12704) file:///home/ghost/Documents/ng-artisan/generator-ng-artisan] Document changed: file:///home/ghost/Documents/ng-artisan/generator-ng-artisan/src/functions.js
[Server(12704) file:///home/ghost/Documents/ng-artisan/generator-ng-artisan] Document changed: file:///home/ghost/Documents/ng-artisan/generator-ng-artisan/src/functions.js
[Server(12704) file:///home/ghost/Documents/ng-artisan/generator-ng-artisan] Document changed: file:///home/ghost/Documents/ng-artisan/generator-ng-artisan/src/functions.js
[Server(12704) file:///home/ghost/Documents/ng-artisan/generator-ng-artisan] Document changed: file:///home/ghost/Documents/ng-artisan/generator-ng-artisan/src/functions.js
[Server(12704) file:///home/ghost/Documents/ng-artisan/generator-ng-artisan] Document changed: file:///home/ghost/Documents/ng-artisan/generator-ng-artisan/src/functions.js
[Server(12704) file:///home/ghost/Documents/ng-artisan/generator-ng-artisan] Document changed: file:///home/ghost/Documents/ng-artisan/generator-ng-artisan/src/functions.js
[Server(12704) file:///home/ghost/Documents/ng-artisan/generator-ng-artisan] Document changed: file:///home/ghost/Documents/ng-artisan/generator-ng-artisan/src/functions.js
[Server(12704) file:///home/ghost/Documents/ng-artisan/generator-ng-artisan] Document changed: file:///home/ghost/Documents/ng-artisan/generator-ng-artisan/src/functions.js
[Server(12704) file:///home/ghost/Documents/ng-artisan/generator-ng-artisan] Document changed: file:///home/ghost/Documents/ng-artisan/generator-ng-artisan/src/functions.js
[Server(12704) file:///home/ghost/Documents/ng-artisan/generator-ng-artisan] Document changed: file:///home/ghost/Documents/ng-artisan/generator-ng-artisan/src/functions.js
[Server(12704) file:///home/ghost/Documents/ng-artisan/generator-ng-artisan] Document changed: file:///home/ghost/Documents/ng-artisan/generator-ng-artisan/src/functions.js
Invalid Selector...
Invalid Selector...
Invalid Selector...
[Server(12704) file:///home/ghost/Documents/ng-artisan/generator-ng-artisan] Document opened: file:///home/ghost/Documents/ng-artisan/generator-ng-artisan/node_modules/ora/index.d.ts
[Server(12704) file:///home/ghost/Documents/ng-artisan/generator-ng-artisan] Document changed: file:///home/ghost/Documents/ng-artisan/generator-ng-artisan/node_modules/ora/index.d.ts
Invalid Selector...
Invalid Selector...
Invalid Selector...
Invalid Selector...
Invalid Selector...
Invalid Selector...
[Server(12704) file:///home/ghost/Documents/ng-artisan/generator-ng-artisan] Document changed: file:///home/ghost/Documents/ng-artisan/generator-ng-artisan/src/functions.js
[Server(12704) file:///home/ghost/Documents/ng-artisan/generator-ng-artisan] Document changed: file:///home/ghost/Documents/ng-artisan/generator-ng-artisan/src/functions.js
[Server(12704) file:///home/ghost/Documents/ng-artisan/generator-ng-artisan] Document changed: file:///home/ghost/Documents/ng-artisan/generator-ng-artisan/src/functions.js
[Server(12704) file:///home/ghost/Documents/ng-artisan/generator-ng-artisan] Document changed: file:///home/ghost/Documents/ng-artisan/generator-ng-artisan/src/functions.js
[Server(12704) file:///home/ghost/Documents/ng-artisan/generator-ng-artisan] Document changed: file:///home/ghost/Documents/ng-artisan/generator-ng-artisan/src/functions.js
[Server(12704) file:///home/ghost/Documents/ng-artisan/generator-ng-artisan] Document changed: file:///home/ghost/Documents/ng-artisan/generator-ng-artisan/src/functions.js
[Server(12704) file:///home/ghost/Documents/ng-artisan/generator-ng-artisan] Document changed: file:///home/ghost/Documents/ng-artisan/generator-ng-artisan/src/functions.js
[Server(12704) file:///home/ghost/Documents/ng-artisan/generator-ng-artisan] Document changed: file:///home/ghost/Documents/ng-artisan/generator-ng-artisan/src/functions.js
[Server(12704) file:///home/ghost/Documents/ng-artisan/generator-ng-artisan] Document changed: file:///home/ghost/Documents/ng-artisan/generator-ng-artisan/src/functions.js
[Server(12704) file:///home/ghost/Documents/ng-artisan/generator-ng-artisan] Document changed: file:///home/ghost/Documents/ng-artisan/generator-ng-artisan/src/functions.js
[Server(12704) file:///home/ghost/Documents/ng-artisan/generator-ng-artisan] Document changed: file:///home/ghost/Documents/ng-artisan/generator-ng-artisan/src/functions.js
[Server(12704) file:///home/ghost/Documents/ng-artisan/generator-ng-artisan] Document changed: file:///home/ghost/Documents/ng-artisan/generator-ng-artisan/src/functions.js
[Server(12704) file:///home/ghost/Documents/ng-artisan/generator-ng-artisan] Document changed: file:///home/ghost/Documents/ng-artisan/generator-ng-artisan/src/functions.js
[Server(12704) file:///home/ghost/Documents/ng-artisan/generator-ng-artisan] Document changed: file:///home/ghost/Documents/ng-artisan/generator-ng-artisan/src/functions.js
[Server(12704) file:///home/ghost/Documents/ng-artisan/generator-ng-artisan] Document changed: file:///home/ghost/Documents/ng-artisan/generator-ng-artisan/src/functions.js
[Server(12704) file:///home/ghost/Documents/ng-artisan/generator-ng-artisan] Document changed: file:///home/ghost/Documents/ng-artisan/generator-ng-artisan/src/functions.js
[Server(12704) file:///home/ghost/Documents/ng-artisan/generator-ng-artisan] Document changed: file:///home/ghost/Documents/ng-artisan/generator-ng-artisan/src/functions.js
[Server(12704) file:///home/ghost/Documents/ng-artisan/generator-ng-artisan] Document changed: file:///home/ghost/Documents/ng-artisan/generator-ng-artisan/src/functions.js
[Server(12704) file:///home/ghost/Documents/ng-artisan/generator-ng-artisan] Document changed: file:///home/ghost/Documents/ng-artisan/generator-ng-artisan/src/functions.js
[Server(12704) file:///home/ghost/Documents/ng-artisan/generator-ng-artisan] Document changed: file:///home/ghost/Documents/ng-artisan/generator-ng-artisan/src/functions.js
[Server(12704) file:///home/ghost/Documents/ng-artisan/generator-ng-artisan] Document changed: file:///home/ghost/Documents/ng-artisan/generator-ng-artisan/src/functions.js
[Server(12704) file:///home/ghost/Documents/ng-artisan/generator-ng-artisan] Document changed: file:///home/ghost/Documents/ng-artisan/generator-ng-artisan/src/functions.js
[Server(12704) file:///home/ghost/Documents/ng-artisan/generator-ng-artisan] Document changed: file:///home/ghost/Documents/ng-artisan/generator-ng-artisan/src/functions.js
[Server(12704) file:///home/ghost/Documents/ng-artisan/generator-ng-artisan] Document changed: file:///home/ghost/Documents/ng-artisan/generator-ng-artisan/src/functions.js
[Server(12704) file:///home/ghost/Documents/ng-artisan/generator-ng-artisan] Document changed: file:///home/ghost/Documents/ng-artisan/generator-ng-artisan/src/functions.js
[Server(12704) file:///home/ghost/Documents/ng-artisan/generator-ng-artisan] Document changed: file:///home/ghost/Documents/ng-artisan/generator-ng-artisan/src/functions.js
[Server(12704) file:///home/ghost/Documents/ng-artisan/generator-ng-artisan] Document changed: file:///home/ghost/Documents/ng-artisan/generator-ng-artisan/src/functions.js
[Server(12704) file:///home/ghost/Documents/ng-artisan/generator-ng-artisan] Document changed: file:///home/ghost/Documents/ng-artisan/generator-ng-artisan/src/functions.js
[Server(12704) file:///home/ghost/Documents/ng-artisan/generator-ng-artisan] Document changed: file:///home/ghost/Documents/ng-artisan/generator-ng-artisan/src/functions.js
[Server(12704) file:///home/ghost/Documents/ng-artisan/generator-ng-artisan] Document changed: file:///home/ghost/Documents/ng-artisan/generator-ng-artisan/src/functions.js
[Server(12704) file:///home/ghost/Documents/ng-artisan/generator-ng-artisan] Document changed: file:///home/ghost/Documents/ng-artisan/generator-ng-artisan/src/functions.js
[Server(12704) file:///home/ghost/Documents/ng-artisan/generator-ng-artisan] Document changed: file:///home/ghost/Documents/ng-artisan/generator-ng-artisan/src/functions.js
[Server(12704) file:///home/ghost/Documents/ng-artisan/generator-ng-artisan] Document changed: file:///home/ghost/Documents/ng-artisan/generator-ng-artisan/src/functions.js
[Server(12704) file:///home/ghost/Documents/ng-artisan/generator-ng-artisan] Document changed: file:///home/ghost/Documents/ng-artisan/generator-ng-artisan/src/functions.js
[Server(12704) file:///home/ghost/Documents/ng-artisan/generator-ng-artisan] Document changed: file:///home/ghost/Documents/ng-artisan/generator-ng-artisan/src/functions.js
[Server(12704) file:///home/ghost/Documents/ng-artisan/generator-ng-artisan] Document changed: file:///home/ghost/Documents/ng-artisan/generator-ng-artisan/src/functions.js
[Server(12704) file:///home/ghost/Documents/ng-artisan/generator-ng-artisan] Document changed: file:///home/ghost/Documents/ng-artisan/generator-ng-artisan/src/functions.js
[Server(12704) file:///home/ghost/Documents/ng-artisan/generator-ng-artisan] Document changed: file:///home/ghost/Documents/ng-artisan/generator-ng-artisan/src/functions.js
[Server(12704) file:///home/ghost/Documents/ng-artisan/generator-ng-artisan] Document changed: file:///home/ghost/Documents/ng-artisan/generator-ng-artisan/src/functions.js
[Server(12704) file:///home/ghost/Documents/ng-artisan/generator-ng-artisan] Document changed: file:///home/ghost/Documents/ng-artisan/generator-ng-artisan/src/functions.js
[Server(12704) file:///home/ghost/Documents/ng-artisan/generator-ng-artisan] Document changed: file:///home/ghost/Documents/ng-artisan/generator-ng-artisan/src/functions.js
[Server(12704) file:///home/ghost/Documents/ng-artisan/generator-ng-artisan] Document changed: file:///home/ghost/Documents/ng-artisan/generator-ng-artisan/src/functions.js
[Server(12704) file:///home/ghost/Documents/ng-artisan/generator-ng-artisan] Document changed: file:///home/ghost/Documents/ng-artisan/generator-ng-artisan/src/functions.js
[Server(12704) file:///home/ghost/Documents/ng-artisan/generator-ng-artisan] Document changed: file:///home/ghost/Documents/ng-artisan/generator-ng-artisan/src/functions.js
[Server(12704) file:///home/ghost/Documents/ng-artisan/generator-ng-artisan] Document changed: file:///home/ghost/Documents/ng-artisan/generator-ng-artisan/src/functions.js
[Server(12704) file:///home/ghost/Documents/ng-artisan/generator-ng-artisan] Document changed: file:///home/ghost/Documents/ng-artisan/generator-ng-artisan/src/functions.js
[Server(12704) file:///home/ghost/Documents/ng-artisan/generator-ng-artisan] Document changed: file:///home/ghost/Documents/ng-artisan/generator-ng-artisan/src/functions.js
[Server(12704) file:///home/ghost/Documents/ng-artisan/generator-ng-artisan] Document changed: file:///home/ghost/Documents/ng-artisan/generator-ng-artisan/src/functions.js
[Server(12704) file:///home/ghost/Documents/ng-artisan/generator-ng-artisan] Document changed: file:///home/ghost/Documents/ng-artisan/generator-ng-artisan/src/functions.js
[Server(12704) file:///home/ghost/Documents/ng-artisan/generator-ng-artisan] Document changed: file:///home/ghost/Documents/ng-artisan/generator-ng-artisan/src/functions.js
[Server(12704) file:///home/ghost/Documents/ng-artisan/generator-ng-artisan] Document changed: file:///home/ghost/Documents/ng-artisan/generator-ng-artisan/src/functions.js
[Server(12704) file:///home/ghost/Documents/ng-artisan/generator-ng-artisan] Document changed: file:///home/ghost/Documents/ng-artisan/generator-ng-artisan/src/functions.js
[Server(12704) file:///home/ghost/Documents/ng-artisan/generator-ng-artisan] Document changed: file:///home/ghost/Documents/ng-artisan/generator-ng-artisan/src/functions.js
[Server(12704) file:///home/ghost/Documents/ng-artisan/generator-ng-artisan] Document changed: file:///home/ghost/Documents/ng-artisan/generator-ng-artisan/src/functions.js
[Server(12704) file:///home/ghost/Documents/ng-artisan/generator-ng-artisan] Document changed: file:///home/ghost/Documents/ng-artisan/generator-ng-artisan/src/functions.js
[Server(12704) file:///home/ghost/Documents/ng-artisan/generator-ng-artisan] Document changed: file:///home/ghost/Documents/ng-artisan/generator-ng-artisan/src/functions.js
[Server(12704) file:///home/ghost/Documents/ng-artisan/generator-ng-artisan] Document changed: file:///home/ghost/Documents/ng-artisan/generator-ng-artisan/src/functions.js
[Server(12704) file:///home/ghost/Documents/ng-artisan/generator-ng-artisan] Document changed: file:///home/ghost/Documents/ng-artisan/generator-ng-artisan/src/functions.js
[Server(12704) file:///home/ghost/Documents/ng-artisan/generator-ng-artisan] Document changed: file:///home/ghost/Documents/ng-artisan/generator-ng-artisan/src/functions.js
[Server(12704) file:///home/ghost/Documents/ng-artisan/generator-ng-artisan] Document changed: file:///home/ghost/Documents/ng-artisan/generator-ng-artisan/src/functions.js
[Server(12704) file:///home/ghost/Documents/ng-artisan/generator-ng-artisan] Document changed: file:///home/ghost/Documents/ng-artisan/generator-ng-artisan/src/functions.js
[Server(12704) file:///home/ghost/Documents/ng-artisan/generator-ng-artisan] Document changed: file:///home/ghost/Documents/ng-artisan/generator-ng-artisan/src/functions.js
[Server(12704) file:///home/ghost/Documents/ng-artisan/generator-ng-artisan] Document changed: file:///home/ghost/Documents/ng-artisan/generator-ng-artisan/src/functions.js
[Server(12704) file:///home/ghost/Documents/ng-artisan/generator-ng-artisan] Document changed: file:///home/ghost/Documents/ng-artisan/generator-ng-artisan/src/functions.js
[Server(12704) file:///home/ghost/Documents/ng-artisan/generator-ng-artisan] Document changed: file:///home/ghost/Documents/ng-artisan/generator-ng-artisan/src/functions.js
[Server(12704) file:///home/ghost/Documents/ng-artisan/generator-ng-artisan] Document changed: file:///home/ghost/Documents/ng-artisan/generator-ng-artisan/src/functions.js
[Server(12704) file:///home/ghost/Documents/ng-artisan/generator-ng-artisan] Document changed: file:///home/ghost/Documents/ng-artisan/generator-ng-artisan/src/functions.js
[Server(12704) file:///home/ghost/Documents/ng-artisan/generator-ng-artisan] Document changed: file:///home/ghost/Documents/ng-artisan/generator-ng-artisan/src/functions.js
[Server(12704) file:///home/ghost/Documents/ng-artisan/generator-ng-artisan] Document changed: file:///home/ghost/Documents/ng-artisan/generator-ng-artisan/src/functions.js
[Server(12704) file:///home/ghost/Documents/ng-artisan/generator-ng-artisan] Document changed: file:///home/ghost/Documents/ng-artisan/generator-ng-artisan/src/functions.js
[Server(12704) file:///home/ghost/Documents/ng-artisan/generator-ng-artisan] Document changed: file:///home/ghost/Documents/ng-artisan/generator-ng-artisan/src/functions.js
[Server(12704) file:///home/ghost/Documents/ng-artisan/generator-ng-artisan] Document changed: file:///home/ghost/Documents/ng-artisan/generator-ng-artisan/src/functions.js
[Server(12704) file:///home/ghost/Documents/ng-artisan/generator-ng-artisan] Document changed: file:///home/ghost/Documents/ng-artisan/generator-ng-artisan/src/functions.js
[Server(12704) file:///home/ghost/Documents/ng-artisan/generator-ng-artisan] Document changed: file:///home/ghost/Documents/ng-artisan/generator-ng-artisan/src/functions.js
[Server(12704) file:///home/ghost/Documents/ng-artisan/generator-ng-artisan] Document changed: file:///home/ghost/Documents/ng-artisan/generator-ng-artisan/src/functions.js
[Server(12704) file:///home/ghost/Documents/ng-artisan/generator-ng-artisan] Document changed: file:///home/ghost/Documents/ng-artisan/generator-ng-artisan/src/functions.js
[Server(12704) file:///home/ghost/Documents/ng-artisan/generator-ng-artisan] Document changed: file:///home/ghost/Documents/ng-artisan/generator-ng-artisan/src/functions.js
[Server(12704) file:///home/ghost/Documents/ng-artisan/generator-ng-artisan] Document changed: file:///home/ghost/Documents/ng-artisan/generator-ng-artisan/src/functions.js
[Server(12704) file:///home/ghost/Documents/ng-artisan/generator-ng-artisan] Document changed: file:///home/ghost/Documents/ng-artisan/generator-ng-artisan/src/functions.js
[Server(12704) file:///home/ghost/Documents/ng-artisan/generator-ng-artisan] Document changed: file:///home/ghost/Documents/ng-artisan/generator-ng-artisan/src/functions.js
[Server(12704) file:///home/ghost/Documents/ng-artisan/generator-ng-artisan] Document changed: file:///home/ghost/Documents/ng-artisan/generator-ng-artisan/src/functions.js
[Server(12704) file:///home/ghost/Documents/ng-artisan/generator-ng-artisan] Document changed: file:///home/ghost/Documents/ng-artisan/generator-ng-artisan/src/functions.js
[Server(12704) file:///home/ghost/Documents/ng-artisan/generator-ng-artisan] Document changed: file:///home/ghost/Documents/ng-artisan/generator-ng-artisan/src/functions.js
Invalid Selector...
[Server(12704) file:///home/ghost/Documents/ng-artisan/generator-ng-artisan] Document changed: file:///home/ghost/Documents/ng-artisan/generator-ng-artisan/src/functions.js
[Server(12704) file:///home/ghost/Documents/ng-artisan/generator-ng-artisan] Document changed: file:///home/ghost/Documents/ng-artisan/generator-ng-artisan/src/functions.js
[Server(12704) file:///home/ghost/Documents/ng-artisan/generator-ng-artisan] Document changed: file:///home/ghost/Documents/ng-artisan/generator-ng-artisan/src/functions.js
[Server(12704) file:///home/ghost/Documents/ng-artisan/generator-ng-artisan] Document changed: file:///home/ghost/Documents/ng-artisan/generator-ng-artisan/src/functions.js
[Server(12704) file:///home/ghost/Documents/ng-artisan/generator-ng-artisan] Document changed: file:///home/ghost/Documents/ng-artisan/generator-ng-artisan/src/functions.js
[Server(12704) file:///home/ghost/Documents/ng-artisan/generator-ng-artisan] Document changed: file:///home/ghost/Documents/ng-artisan/generator-ng-artisan/src/functions.js
[Server(12704) file:///home/ghost/Documents/ng-artisan/generator-ng-artisan] Document changed: file:///home/ghost/Documents/ng-artisan/generator-ng-artisan/src/functions.js
[Server(12704) file:///home/ghost/Documents/ng-artisan/generator-ng-artisan] Document changed: file:///home/ghost/Documents/ng-artisan/generator-ng-artisan/src/functions.js
[Server(12704) file:///home/ghost/Documents/ng-artisan/generator-ng-artisan] Document changed: file:///home/ghost/Documents/ng-artisan/generator-ng-artisan/src/functions.js
[Server(12704) file:///home/ghost/Documents/ng-artisan/generator-ng-artisan] Document changed: file:///home/ghost/Documents/ng-artisan/generator-ng-artisan/src/functions.js
[Server(12704) file:///home/ghost/Documents/ng-artisan/generator-ng-artisan] Document changed: file:///home/ghost/Documents/ng-artisan/generator-ng-artisan/src/functions.js
[Server(12704) file:///home/ghost/Documents/ng-artisan/generator-ng-artisan] Document changed: file:///home/ghost/Documents/ng-artisan/generator-ng-artisan/src/functions.js
[Server(12704) file:///home/ghost/Documents/ng-artisan/generator-ng-artisan] Document changed: file:///home/ghost/Documents/ng-artisan/generator-ng-artisan/src/functions.js
[Server(12704) file:///home/ghost/Documents/ng-artisan/generator-ng-artisan] Document changed: file:///home/ghost/Documents/ng-artisan/generator-ng-artisan/src/functions.js
[Server(12704) file:///home/ghost/Documents/ng-artisan/generator-ng-artisan] Document changed: file:///home/ghost/Documents/ng-artisan/generator-ng-artisan/src/functions.js
[Server(12704) file:///home/ghost/Documents/ng-artisan/generator-ng-artisan] Document changed: file:///home/ghost/Documents/ng-artisan/generator-ng-artisan/index.js
[Server(12704) file:///home/ghost/Documents/ng-artisan/generator-ng-artisan] Document changed: file:///home/ghost/Documents/ng-artisan/generator-ng-artisan/index.js
[Server(12704) file:///home/ghost/Documents/ng-artisan/generator-ng-artisan] Document changed: file:///home/ghost/Documents/ng-artisan/generator-ng-artisan/index.js
[Server(12704) file:///home/ghost/Documents/ng-artisan/generator-ng-artisan] Document changed: file:///home/ghost/Documents/ng-artisan/generator-ng-artisan/index.js
[Server(12704) file:///home/ghost/Documents/ng-artisan/generator-ng-artisan] Document changed: file:///home/ghost/Documents/ng-artisan/generator-ng-artisan/index.js
[Server(12704) file:///home/ghost/Documents/ng-artisan/generator-ng-artisan] Document changed: file:///home/ghost/Documents/ng-artisan/generator-ng-artisan/index.js
[Server(12704) file:///home/ghost/Documents/ng-artisan/generator-ng-artisan] Document changed: file:///home/ghost/Documents/ng-artisan/generator-ng-artisan/index.js
[Server(12704) file:///home/ghost/Documents/ng-artisan/generator-ng-artisan] Document changed: file:///home/ghost/Documents/ng-artisan/generator-ng-artisan/index.js
[Server(12704) file:///home/ghost/Documents/ng-artisan/generator-ng-artisan] Document changed: file:///home/ghost/Documents/ng-artisan/generator-ng-artisan/index.js
[Server(12704) file:///home/ghost/Documents/ng-artisan/generator-ng-artisan] Document changed: file:///home/ghost/Documents/ng-artisan/generator-ng-artisan/src/functions.js
[Server(12704) file:///home/ghost/Documents/ng-artisan/generator-ng-artisan] Document changed: file:///home/ghost/Documents/ng-artisan/generator-ng-artisan/src/functions.js
[Server(12704) file:///home/ghost/Documents/ng-artisan/generator-ng-artisan] Document changed: file:///home/ghost/Documents/ng-artisan/generator-ng-artisan/index.js
[Server(12704) file:///home/ghost/Documents/ng-artisan/generator-ng-artisan] Document changed: file:///home/ghost/Documents/ng-artisan/generator-ng-artisan/index.js
[Server(12704) file:///home/ghost/Documents/ng-artisan/generator-ng-artisan] Document changed: file:///home/ghost/Documents/ng-artisan/generator-ng-artisan/index.js
[Server(12704) file:///home/ghost/Documents/ng-artisan/generator-ng-artisan] Document changed: file:///home/ghost/Documents/ng-artisan/generator-ng-artisan/index.js
[Server(12704) file:///home/ghost/Documents/ng-artisan/generator-ng-artisan] Document changed: file:///home/ghost/Documents/ng-artisan/generator-ng-artisan/index.js
[Server(12704) file:///home/ghost/Documents/ng-artisan/generator-ng-artisan] Document changed: file:///home/ghost/Documents/ng-artisan/generator-ng-artisan/index.js
[Server(12704) file:///home/ghost/Documents/ng-artisan/generator-ng-artisan] Document changed: file:///home/ghost/Documents/ng-artisan/generator-ng-artisan/index.js
[Server(12704) file:///home/ghost/Documents/ng-artisan/generator-ng-artisan] Document changed: file:///home/ghost/Documents/ng-artisan/generator-ng-artisan/index.js
[Server(12704) file:///home/ghost/Documents/ng-artisan/generator-ng-artisan] Document changed: file:///home/ghost/Documents/ng-artisan/generator-ng-artisan/index.js
[Server(12704) file:///home/ghost/Documents/ng-artisan/generator-ng-artisan] Document changed: file:///home/ghost/Documents/ng-artisan/generator-ng-artisan/index.js
[Server(12704) file:///home/ghost/Documents/ng-artisan/generator-ng-artisan] Document changed: file:///home/ghost/Documents/ng-artisan/generator-ng-artisan/index.js
[Server(12704) file:///home/ghost/Documents/ng-artisan/generator-ng-artisan] Document changed: file:///home/ghost/Documents/ng-artisan/generator-ng-artisan/index.js
Invalid Selector...
[Server(12704) file:///home/ghost/Documents/ng-artisan/generator-ng-artisan] Document changed: file:///home/ghost/Documents/ng-artisan/generator-ng-artisan/index.js
[Server(12704) file:///home/ghost/Documents/ng-artisan/generator-ng-artisan] Document changed: file:///home/ghost/Documents/ng-artisan/generator-ng-artisan/index.js
[Server(12704) file:///home/ghost/Documents/ng-artisan/generator-ng-artisan] Document changed: file:///home/ghost/Documents/ng-artisan/generator-ng-artisan/index.js
[Server(12704) file:///home/ghost/Documents/ng-artisan/generator-ng-artisan] Document changed: file:///home/ghost/Documents/ng-artisan/generator-ng-artisan/index.js
[Server(12704) file:///home/ghost/Documents/ng-artisan/generator-ng-artisan] Document changed: file:///home/ghost/Documents/ng-artisan/generator-ng-artisan/index.js
[Server(12704) file:///home/ghost/Documents/ng-artisan/generator-ng-artisan] Document changed: file:///home/ghost/Documents/ng-artisan/generator-ng-artisan/index.js
[Server(12704) file:///home/ghost/Documents/ng-artisan/generator-ng-artisan] Document changed: file:///home/ghost/Documents/ng-artisan/generator-ng-artisan/index.js
[Server(12704) file:///home/ghost/Documents/ng-artisan/generator-ng-artisan] Document changed: file:///home/ghost/Documents/ng-artisan/generator-ng-artisan/index.js
[Server(12704) file:///home/ghost/Documents/ng-artisan/generator-ng-artisan] Document changed: file:///home/ghost/Documents/ng-artisan/generator-ng-artisan/index.js
[Server(12704) file:///home/ghost/Documents/ng-artisan/generator-ng-artisan] Document changed: file:///home/ghost/Documents/ng-artisan/generator-ng-artisan/index.js
[Server(12704) file:///home/ghost/Documents/ng-artisan/generator-ng-artisan] Document changed: file:///home/ghost/Documents/ng-artisan/generator-ng-artisan/index.js
[Server(12704) file:///home/ghost/Documents/ng-artisan/generator-ng-artisan] Document changed: file:///home/ghost/Documents/ng-artisan/generator-ng-artisan/index.js
[Server(12704) file:///home/ghost/Documents/ng-artisan/generator-ng-artisan] Document changed: file:///home/ghost/Documents/ng-artisan/generator-ng-artisan/index.js
[Server(12704) file:///home/ghost/Documents/ng-artisan/generator-ng-artisan] Document changed: file:///home/ghost/Documents/ng-artisan/generator-ng-artisan/index.js
[Server(12704) file:///home/ghost/Documents/ng-artisan/generator-ng-artisan] Document changed: file:///home/ghost/Documents/ng-artisan/generator-ng-artisan/index.js
[Server(12704) file:///home/ghost/Documents/ng-artisan/generator-ng-artisan] Document changed: file:///home/ghost/Documents/ng-artisan/generator-ng-artisan/index.js
[Server(12704) file:///home/ghost/Documents/ng-artisan/generator-ng-artisan] Document changed: file:///home/ghost/Documents/ng-artisan/generator-ng-artisan/index.js
[Server(12704) file:///home/ghost/Documents/ng-artisan/generator-ng-artisan] Document changed: file:///home/ghost/Documents/ng-artisan/generator-ng-artisan/index.js
[Server(12704) file:///home/ghost/Documents/ng-artisan/generator-ng-artisan] Document changed: file:///home/ghost/Documents/ng-artisan/generator-ng-artisan/index.js
[Server(12704) file:///home/ghost/Documents/ng-artisan/generator-ng-artisan] Document changed: file:///home/ghost/Documents/ng-artisan/generator-ng-artisan/index.js
[Server(12704) file:///home/ghost/Documents/ng-artisan/generator-ng-artisan] Document changed: file:///home/ghost/Documents/ng-artisan/generator-ng-artisan/index.js
[Server(12704) file:///home/ghost/Documents/ng-artisan/generator-ng-artisan] Document changed: file:///home/ghost/Documents/ng-artisan/generator-ng-artisan/index.js
[Server(12704) file:///home/ghost/Documents/ng-artisan/generator-ng-artisan] Document changed: file:///home/ghost/Documents/ng-artisan/generator-ng-artisan/index.js
[Server(12704) file:///home/ghost/Documents/ng-artisan/generator-ng-artisan] Document changed: file:///home/ghost/Documents/ng-artisan/generator-ng-artisan/index.js
[Server(12704) file:///home/ghost/Documents/ng-artisan/generator-ng-artisan] Document changed: file:///home/ghost/Documents/ng-artisan/generator-ng-artisan/index.js
[Server(12704) file:///home/ghost/Documents/ng-artisan/generator-ng-artisan] Document changed: file:///home/ghost/Documents/ng-artisan/generator-ng-artisan/index.js
[Server(12704) file:///home/ghost/Documents/ng-artisan/generator-ng-artisan] Document changed: file:///home/ghost/Documents/ng-artisan/generator-ng-artisan/index.js
[Server(12704) file:///home/ghost/Documents/ng-artisan/generator-ng-artisan] Document changed: file:///home/ghost/Documents/ng-artisan/generator-ng-artisan/index.js
[Server(12704) file:///home/ghost/Documents/ng-artisan/generator-ng-artisan] Document changed: file:///home/ghost/Documents/ng-artisan/generator-ng-artisan/index.js
[Server(12704) file:///home/ghost/Documents/ng-artisan/generator-ng-artisan] Document changed: file:///home/ghost/Documents/ng-artisan/generator-ng-artisan/index.js
[Server(12704) file:///home/ghost/Documents/ng-artisan/generator-ng-artisan] Document changed: file:///home/ghost/Documents/ng-artisan/generator-ng-artisan/index.js
[Server(12704) file:///home/ghost/Documents/ng-artisan/generator-ng-artisan] Document changed: file:///home/ghost/Documents/ng-artisan/generator-ng-artisan/index.js
[Server(12704) file:///home/ghost/Documents/ng-artisan/generator-ng-artisan] Document changed: file:///home/ghost/Documents/ng-artisan/generator-ng-artisan/index.js
[Server(12704) file:///home/ghost/Documents/ng-artisan/generator-ng-artisan] Document changed: file:///home/ghost/Documents/ng-artisan/generator-ng-artisan/index.js
[Server(12704) file:///home/ghost/Documents/ng-artisan/generator-ng-artisan] Document changed: file:///home/ghost/Documents/ng-artisan/generator-ng-artisan/index.js
[Server(12704) file:///home/ghost/Documents/ng-artisan/generator-ng-artisan] Document changed: file:///home/ghost/Documents/ng-artisan/generator-ng-artisan/index.js
[Server(12704) file:///home/ghost/Documents/ng-artisan/generator-ng-artisan] Document changed: file:///home/ghost/Documents/ng-artisan/generator-ng-artisan/index.js
[Server(12704) file:///home/ghost/Documents/ng-artisan/generator-ng-artisan] Document changed: file:///home/ghost/Documents/ng-artisan/generator-ng-artisan/index.js
[Server(12704) file:///home/ghost/Documents/ng-artisan/generator-ng-artisan] Document changed: file:///home/ghost/Documents/ng-artisan/generator-ng-artisan/index.js
Invalid Selector...
[Server(12704) file:///home/ghost/Documents/ng-artisan/generator-ng-artisan] Document changed: file:///home/ghost/Documents/ng-artisan/generator-ng-artisan/index.js
[Server(12704) file:///home/ghost/Documents/ng-artisan/generator-ng-artisan] Document changed: file:///home/ghost/Documents/ng-artisan/generator-ng-artisan/index.js
[Server(12704) file:///home/ghost/Documents/ng-artisan/generator-ng-artisan] Document changed: file:///home/ghost/Documents/ng-artisan/generator-ng-artisan/index.js
[Server(12704) file:///home/ghost/Documents/ng-artisan/generator-ng-artisan] Document changed: file:///home/ghost/Documents/ng-artisan/generator-ng-artisan/index.js
[Server(12704) file:///home/ghost/Documents/ng-artisan/generator-ng-artisan] Document changed: file:///home/ghost/Documents/ng-artisan/generator-ng-artisan/index.js
[Server(12704) file:///home/ghost/Documents/ng-artisan/generator-ng-artisan] Document changed: file:///home/ghost/Documents/ng-artisan/generator-ng-artisan/index.js
[Server(12704) file:///home/ghost/Documents/ng-artisan/generator-ng-artisan] Document changed: file:///home/ghost/Documents/ng-artisan/generator-ng-artisan/index.js
[Server(12704) file:///home/ghost/Documents/ng-artisan/generator-ng-artisan] Document changed: file:///home/ghost/Documents/ng-artisan/generator-ng-artisan/index.js
[Server(12704) file:///home/ghost/Documents/ng-artisan/generator-ng-artisan] Document changed: file:///home/ghost/Documents/ng-artisan/generator-ng-artisan/index.js
[Server(12704) file:///home/ghost/Documents/ng-artisan/generator-ng-artisan] Document changed: file:///home/ghost/Documents/ng-artisan/generator-ng-artisan/index.js
Invalid Selector...
Invalid Selector...
[Server(12704) file:///home/ghost/Documents/ng-artisan/generator-ng-artisan] Document changed: file:///home/ghost/Documents/ng-artisan/generator-ng-artisan/src/functions.js
[Server(12704) file:///home/ghost/Documents/ng-artisan/generator-ng-artisan] Document changed: file:///home/ghost/Documents/ng-artisan/generator-ng-artisan/src/functions.js
[Server(12704) file:///home/ghost/Documents/ng-artisan/generator-ng-artisan] Document changed: file:///home/ghost/Documents/ng-artisan/generator-ng-artisan/src/functions.js
[Server(12704) file:///home/ghost/Documents/ng-artisan/generator-ng-artisan] Document changed: file:///home/ghost/Documents/ng-artisan/generator-ng-artisan/src/functions.js
[Server(12704) file:///home/ghost/Documents/ng-artisan/generator-ng-artisan] Document changed: file:///home/ghost/Documents/ng-artisan/generator-ng-artisan/index.js
[Server(12704) file:///home/ghost/Documents/ng-artisan/generator-ng-artisan] Document changed: file:///home/ghost/Documents/ng-artisan/generator-ng-artisan/index.js
[Server(12704) file:///home/ghost/Documents/ng-artisan/generator-ng-artisan] Document changed: file:///home/ghost/Documents/ng-artisan/generator-ng-artisan/index.js
[Server(12704) file:///home/ghost/Documents/ng-artisan/generator-ng-artisan] Document changed: file:///home/ghost/Documents/ng-artisan/generator-ng-artisan/src/functions.js
[Server(12704) file:///home/ghost/Documents/ng-artisan/generator-ng-artisan] Document changed: file:///home/ghost/Documents/ng-artisan/generator-ng-artisan/src/functions.js
[Server(12704) file:///home/ghost/Documents/ng-artisan/generator-ng-artisan] Document changed: file:///home/ghost/Documents/ng-artisan/generator-ng-artisan/src/functions.js
[Server(12704) file:///home/ghost/Documents/ng-artisan/generator-ng-artisan] Document changed: file:///home/ghost/Documents/ng-artisan/generator-ng-artisan/src/functions.js
[Server(12704) file:///home/ghost/Documents/ng-artisan/generator-ng-artisan] Document changed: file:///home/ghost/Documents/ng-artisan/generator-ng-artisan/src/functions.js
[Server(12704) file:///home/ghost/Documents/ng-artisan/generator-ng-artisan] Document changed: file:///home/ghost/Documents/ng-artisan/generator-ng-artisan/src/functions.js
[Server(12704) file:///home/ghost/Documents/ng-artisan/generator-ng-artisan] Document changed: file:///home/ghost/Documents/ng-artisan/generator-ng-artisan/src/functions.js
[Server(12704) file:///home/ghost/Documents/ng-artisan/generator-ng-artisan] Document changed: file:///home/ghost/Documents/ng-artisan/generator-ng-artisan/src/functions.js
[Server(12704) file:///home/ghost/Documents/ng-artisan/generator-ng-artisan] Document changed: file:///home/ghost/Documents/ng-artisan/generator-ng-artisan/src/functions.js
[Server(12704) file:///home/ghost/Documents/ng-artisan/generator-ng-artisan] Document changed: file:///home/ghost/Documents/ng-artisan/generator-ng-artisan/src/functions.js
[Server(12704) file:///home/ghost/Documents/ng-artisan/generator-ng-artisan] Document changed: file:///home/ghost/Documents/ng-artisan/generator-ng-artisan/src/functions.js
[Server(12704) file:///home/ghost/Documents/ng-artisan/generator-ng-artisan] Document changed: file:///home/ghost/Documents/ng-artisan/generator-ng-artisan/src/functions.js
[Server(12704) file:///home/ghost/Documents/ng-artisan/generator-ng-artisan] Document changed: file:///home/ghost/Documents/ng-artisan/generator-ng-artisan/src/functions.js
[Server(12704) file:///home/ghost/Documents/ng-artisan/generator-ng-artisan] Document changed: file:///home/ghost/Documents/ng-artisan/generator-ng-artisan/src/functions.js
[Server(12704) file:///home/ghost/Documents/ng-artisan/generator-ng-artisan] Document changed: file:///home/ghost/Documents/ng-artisan/generator-ng-artisan/src/functions.js
[Server(12704) file:///home/ghost/Documents/ng-artisan/generator-ng-artisan] Document changed: file:///home/ghost/Documents/ng-artisan/generator-ng-artisan/src/functions.js
[Server(12704) file:///home/ghost/Documents/ng-artisan/generator-ng-artisan] Document changed: file:///home/ghost/Documents/ng-artisan/generator-ng-artisan/src/functions.js
[Server(12704) file:///home/ghost/Documents/ng-artisan/generator-ng-artisan] Document changed: file:///home/ghost/Documents/ng-artisan/generator-ng-artisan/src/functions.js
[Server(12704) file:///home/ghost/Documents/ng-artisan/generator-ng-artisan] Document changed: file:///home/ghost/Documents/ng-artisan/generator-ng-artisan/src/functions.js
[Server(12704) file:///home/ghost/Documents/ng-artisan/generator-ng-artisan] Document changed: file:///home/ghost/Documents/ng-artisan/generator-ng-artisan/src/functions.js
[Server(12704) file:///home/ghost/Documents/ng-artisan/generator-ng-artisan] Document changed: file:///home/ghost/Documents/ng-artisan/generator-ng-artisan/src/functions.js
[Server(12704) file:///home/ghost/Documents/ng-artisan/generator-ng-artisan] Document changed: file:///home/ghost/Documents/ng-artisan/generator-ng-artisan/src/functions.js
[Server(12704) file:///home/ghost/Documents/ng-artisan/generator-ng-artisan] Document changed: file:///home/ghost/Documents/ng-artisan/generator-ng-artisan/src/functions.js
Invalid Selector...
Invalid Selector...
Invalid Selector...
[Server(12704) file:///home/ghost/Documents/ng-artisan/generator-ng-artisan] Document changed: file:///home/ghost/Documents/ng-artisan/generator-ng-artisan/src/functions.js
[Server(12704) file:///home/ghost/Documents/ng-artisan/generator-ng-artisan] Document changed: file:///home/ghost/Documents/ng-artisan/generator-ng-artisan/src/functions.js
[Server(12704) file:///home/ghost/Documents/ng-artisan/generator-ng-artisan] Document changed: file:///home/ghost/Documents/ng-artisan/generator-ng-artisan/src/functions.js
[Server(12704) file:///home/ghost/Documents/ng-artisan/generator-ng-artisan] Document changed: file:///home/ghost/Documents/ng-artisan/generator-ng-artisan/src/functions.js
[Server(12704) file:///home/ghost/Documents/ng-artisan/generator-ng-artisan] Document changed: file:///home/ghost/Documents/ng-artisan/generator-ng-artisan/src/functions.js
[Server(12704) file:///home/ghost/Documents/ng-artisan/generator-ng-artisan] Document changed: file:///home/ghost/Documents/ng-artisan/generator-ng-artisan/src/functions.js
[Server(12704) file:///home/ghost/Documents/ng-artisan/generator-ng-artisan] Document changed: file:///home/ghost/Documents/ng-artisan/generator-ng-artisan/src/functions.js
[Server(12704) file:///home/ghost/Documents/ng-artisan/generator-ng-artisan] Document changed: file:///home/ghost/Documents/ng-artisan/generator-ng-artisan/src/functions.js
[Server(12704) file:///home/ghost/Documents/ng-artisan/generator-ng-artisan] Document changed: file:///home/ghost/Documents/ng-artisan/generator-ng-artisan/src/functions.js
[Server(12704) file:///home/ghost/Documents/ng-artisan/generator-ng-artisan] Document changed: file:///home/ghost/Documents/ng-artisan/generator-ng-artisan/src/functions.js
[Server(12704) file:///home/ghost/Documents/ng-artisan/generator-ng-artisan] Document changed: file:///home/ghost/Documents/ng-artisan/generator-ng-artisan/src/functions.js
[Server(12704) file:///home/ghost/Documents/ng-artisan/generator-ng-artisan] Document changed: file:///home/ghost/Documents/ng-artisan/generator-ng-artisan/src/functions.js
[Server(12704) file:///home/ghost/Documents/ng-artisan/generator-ng-artisan] Document changed: file:///home/ghost/Documents/ng-artisan/generator-ng-artisan/src/functions.js
[Server(12704) file:///home/ghost/Documents/ng-artisan/generator-ng-artisan] Document changed: file:///home/ghost/Documents/ng-artisan/generator-ng-artisan/src/functions.js
[Server(12704) file:///home/ghost/Documents/ng-artisan/generator-ng-artisan] Document changed: file:///home/ghost/Documents/ng-artisan/generator-ng-artisan/src/functions.js
[Server(12704) file:///home/ghost/Documents/ng-artisan/generator-ng-artisan] Document changed: file:///home/ghost/Documents/ng-artisan/generator-ng-artisan/src/functions.js
Invalid Selector...
[Server(12704) file:///home/ghost/Documents/ng-artisan/generator-ng-artisan] Document changed: file:///home/ghost/Documents/ng-artisan/generator-ng-artisan/src/functions.js
[Server(12704) file:///home/ghost/Documents/ng-artisan/generator-ng-artisan] Document changed: file:///home/ghost/Documents/ng-artisan/generator-ng-artisan/src/functions.js
[Server(12704) file:///home/ghost/Documents/ng-artisan/generator-ng-artisan] Document changed: file:///home/ghost/Documents/ng-artisan/generator-ng-artisan/src/functions.js
[Server(12704) file:///home/ghost/Documents/ng-artisan/generator-ng-artisan] Document changed: file:///home/ghost/Documents/ng-artisan/generator-ng-artisan/src/functions.js
[Server(12704) file:///home/ghost/Documents/ng-artisan/generator-ng-artisan] Document changed: file:///home/ghost/Documents/ng-artisan/generator-ng-artisan/src/functions.js
[Server(12704) file:///home/ghost/Documents/ng-artisan/generator-ng-artisan] Document changed: file:///home/ghost/Documents/ng-artisan/generator-ng-artisan/src/functions.js
[Server(12704) file:///home/ghost/Documents/ng-artisan/generator-ng-artisan] Document changed: file:///home/ghost/Documents/ng-artisan/generator-ng-artisan/index.js
[Server(12704) file:///home/ghost/Documents/ng-artisan/generator-ng-artisan] Document changed: file:///home/ghost/Documents/ng-artisan/generator-ng-artisan/index.js
[Server(12704) file:///home/ghost/Documents/ng-artisan/generator-ng-artisan] Document changed: file:///home/ghost/Documents/ng-artisan/generator-ng-artisan/index.js
[Server(12704) file:///home/ghost/Documents/ng-artisan/generator-ng-artisan] Document changed: file:///home/ghost/Documents/ng-artisan/generator-ng-artisan/index.js
[Server(12704) file:///home/ghost/Documents/ng-artisan/generator-ng-artisan] Document changed: file:///home/ghost/Documents/ng-artisan/generator-ng-artisan/index.js
[Server(12704) file:///home/ghost/Documents/ng-artisan/generator-ng-artisan] Document changed: file:///home/ghost/Documents/ng-artisan/generator-ng-artisan/index.js
[Server(12704) file:///home/ghost/Documents/ng-artisan/generator-ng-artisan] Document changed: file:///home/ghost/Documents/ng-artisan/generator-ng-artisan/index.js
[Server(12704) file:///home/ghost/Documents/ng-artisan/generator-ng-artisan] Document changed: file:///home/ghost/Documents/ng-artisan/generator-ng-artisan/index.js
[Server(12704) file:///home/ghost/Documents/ng-artisan/generator-ng-artisan] Document changed: file:///home/ghost/Documents/ng-artisan/generator-ng-artisan/index.js
[Server(12704) file:///home/ghost/Documents/ng-artisan/generator-ng-artisan] Document changed: file:///home/ghost/Documents/ng-artisan/generator-ng-artisan/index.js
[Server(12704) file:///home/ghost/Documents/ng-artisan/generator-ng-artisan] Document changed: file:///home/ghost/Documents/ng-artisan/generator-ng-artisan/index.js
[Server(12704) file:///home/ghost/Documents/ng-artisan/generator-ng-artisan] Document changed: file:///home/ghost/Documents/ng-artisan/generator-ng-artisan/index.js
[Server(12704) file:///home/ghost/Documents/ng-artisan/generator-ng-artisan] Document changed: file:///home/ghost/Documents/ng-artisan/generator-ng-artisan/index.js
[Server(12704) file:///home/ghost/Documents/ng-artisan/generator-ng-artisan] Document changed: file:///home/ghost/Documents/ng-artisan/generator-ng-artisan/index.js
[Server(12704) file:///home/ghost/Documents/ng-artisan/generator-ng-artisan] Document changed: file:///home/ghost/Documents/ng-artisan/generator-ng-artisan/index.js
[Server(12704) file:///home/ghost/Documents/ng-artisan/generator-ng-artisan] Document changed: file:///home/ghost/Documents/ng-artisan/generator-ng-artisan/index.js
[Server(12704) file:///home/ghost/Documents/ng-artisan/generator-ng-artisan] Document changed: file:///home/ghost/Documents/ng-artisan/generator-ng-artisan/index.js
[Server(12704) file:///home/ghost/Documents/ng-artisan/generator-ng-artisan] Document changed: file:///home/ghost/Documents/ng-artisan/generator-ng-artisan/index.js
[Server(12704) file:///home/ghost/Documents/ng-artisan/generator-ng-artisan] Document changed: file:///home/ghost/Documents/ng-artisan/generator-ng-artisan/index.js
[Server(12704) file:///home/ghost/Documents/ng-artisan/generator-ng-artisan] Document changed: file:///home/ghost/Documents/ng-artisan/generator-ng-artisan/index.js
[Server(12704) file:///home/ghost/Documents/ng-artisan/generator-ng-artisan] Document changed: file:///home/ghost/Documents/ng-artisan/generator-ng-artisan/index.js
[Server(12704) file:///home/ghost/Documents/ng-artisan/generator-ng-artisan] Document changed: file:///home/ghost/Documents/ng-artisan/generator-ng-artisan/index.js
[Server(12704) file:///home/ghost/Documents/ng-artisan/generator-ng-artisan] Document changed: file:///home/ghost/Documents/ng-artisan/generator-ng-artisan/index.js
[Server(12704) file:///home/ghost/Documents/ng-artisan/generator-ng-artisan] Document changed: file:///home/ghost/Documents/ng-artisan/generator-ng-artisan/index.js
[Server(12704) file:///home/ghost/Documents/ng-artisan/generator-ng-artisan] Document changed: file:///home/ghost/Documents/ng-artisan/generator-ng-artisan/index.js
[Server(12704) file:///home/ghost/Documents/ng-artisan/generator-ng-artisan] Document changed: file:///home/ghost/Documents/ng-artisan/generator-ng-artisan/index.js
[Server(12704) file:///home/ghost/Documents/ng-artisan/generator-ng-artisan] Document changed: file:///home/ghost/Documents/ng-artisan/generator-ng-artisan/index.js
[Server(12704) file:///home/ghost/Documents/ng-artisan/generator-ng-artisan] Document changed: file:///home/ghost/Documents/ng-artisan/generator-ng-artisan/index.js
[Server(12704) file:///home/ghost/Documents/ng-artisan/generator-ng-artisan] Document changed: file:///home/ghost/Documents/ng-artisan/generator-ng-artisan/index.js
[Server(12704) file:///home/ghost/Documents/ng-artisan/generator-ng-artisan] Document changed: file:///home/ghost/Documents/ng-artisan/generator-ng-artisan/index.js
[Server(12704) file:///home/ghost/Documents/ng-artisan/generator-ng-artisan] Document changed: file:///home/ghost/Documents/ng-artisan/generator-ng-artisan/index.js
[Server(12704) file:///home/ghost/Documents/ng-artisan/generator-ng-artisan] Document changed: file:///home/ghost/Documents/ng-artisan/generator-ng-artisan/index.js
[Server(12704) file:///home/ghost/Documents/ng-artisan/generator-ng-artisan] Document changed: file:///home/ghost/Documents/ng-artisan/generator-ng-artisan/index.js
[Server(12704) file:///home/ghost/Documents/ng-artisan/generator-ng-artisan] Document changed: file:///home/ghost/Documents/ng-artisan/generator-ng-artisan/index.js
[Server(12704) file:///home/ghost/Documents/ng-artisan/generator-ng-artisan] Document opened: file:///home/ghost/Documents/ng-artisan/generator-ng-artisan/myback/vendor/laravel/framework/src/Illuminate/Database/Connection.php
[Server(12704) file:///home/ghost/Documents/ng-artisan/generator-ng-artisan] Document changed: file:///home/ghost/Documents/ng-artisan/generator-ng-artisan/myback/vendor/laravel/framework/src/Illuminate/Database/Connection.php
[Server(12704) file:///home/ghost/Documents/ng-artisan/generator-ng-artisan] Document opened: file:///home/ghost/Documents/ng-artisan/generator-ng-artisan/myback/vendor/laravel/framework/src/Illuminate/Database/Connection.php
[Server(12704) file:///home/ghost/Documents/ng-artisan/generator-ng-artisan] Document changed: file:///home/ghost/Documents/ng-artisan/generator-ng-artisan/myback/vendor/laravel/framework/src/Illuminate/Database/Connection.php
[Server(12704) file:///home/ghost/Documents/ng-artisan/generator-ng-artisan] Document changed: file:///home/ghost/Documents/ng-artisan/generator-ng-artisan/index.js
[Server(12704) file:///home/ghost/Documents/ng-artisan/generator-ng-artisan] Document changed: file:///home/ghost/Documents/ng-artisan/generator-ng-artisan/index.js
[Server(12704) file:///home/ghost/Documents/ng-artisan/generator-ng-artisan] Document changed: file:///home/ghost/Documents/ng-artisan/generator-ng-artisan/index.js
[Server(12704) file:///home/ghost/Documents/ng-artisan/generator-ng-artisan] Document changed: file:///home/ghost/Documents/ng-artisan/generator-ng-artisan/index.js
[Server(12704) file:///home/ghost/Documents/ng-artisan/generator-ng-artisan] Document changed: file:///home/ghost/Documents/ng-artisan/generator-ng-artisan/index.js
[Server(12704) file:///home/ghost/Documents/ng-artisan/generator-ng-artisan] Document changed: file:///home/ghost/Documents/ng-artisan/generator-ng-artisan/index.js
[Server(12704) file:///home/ghost/Documents/ng-artisan/generator-ng-artisan] Document changed: file:///home/ghost/Documents/ng-artisan/generator-ng-artisan/index.js
[Server(12704) file:///home/ghost/Documents/ng-artisan/generator-ng-artisan] Document changed: file:///home/ghost/Documents/ng-artisan/generator-ng-artisan/index.js
[Server(12704) file:///home/ghost/Documents/ng-artisan/generator-ng-artisan] Document changed: file:///home/ghost/Documents/ng-artisan/generator-ng-artisan/index.js
[Server(12704) file:///home/ghost/Documents/ng-artisan/generator-ng-artisan] Document changed: file:///home/ghost/Documents/ng-artisan/generator-ng-artisan/index.js
[Server(12704) file:///home/ghost/Documents/ng-artisan/generator-ng-artisan] Document changed: file:///home/ghost/Documents/ng-artisan/generator-ng-artisan/index.js
[Server(12704) file:///home/ghost/Documents/ng-artisan/generator-ng-artisan] Document changed: file:///home/ghost/Documents/ng-artisan/generator-ng-artisan/index.js
[Server(12704) file:///home/ghost/Documents/ng-artisan/generator-ng-artisan] Document changed: file:///home/ghost/Documents/ng-artisan/generator-ng-artisan/index.js
[Server(12704) file:///home/ghost/Documents/ng-artisan/generator-ng-artisan] Document changed: file:///home/ghost/Documents/ng-artisan/generator-ng-artisan/index.js
[Server(12704) file:///home/ghost/Documents/ng-artisan/generator-ng-artisan] Document opened: file:///home/ghost/Documents/ng-artisan/generator-ng-artisan/myback/app/Console/Commands/CreateDatabase.php
[Server(12704) file:///home/ghost/Documents/ng-artisan/generator-ng-artisan] Document changed: file:///home/ghost/Documents/ng-artisan/generator-ng-artisan/myback/app/Console/Commands/CreateDatabase.php
Invalid Selector...
Invalid Selector...
Invalid Selector...
[Server(13286) file:///home/ghost/Documents/ng-artisan/laravel-basic-rest] Document opened: file:///home/ghost/Documents/ng-artisan/laravel-basic-rest/vendor/laravel/framework/src/Illuminate/Support/Facades/DB.php
[Server(13286) file:///home/ghost/Documents/ng-artisan/laravel-basic-rest] Document changed: file:///home/ghost/Documents/ng-artisan/laravel-basic-rest/vendor/laravel/framework/src/Illuminate/Support/Facades/DB.php
Invalid Selector...
[Server(13286) file:///home/ghost/Documents/ng-artisan/laravel-basic-rest] Document opened: file:///home/ghost/Documents/ng-artisan/laravel-basic-rest/vendor/laravel/framework/src/Illuminate/Support/Facades/DB.php
[Server(13286) file:///home/ghost/Documents/ng-artisan/laravel-basic-rest] Document changed: file:///home/ghost/Documents/ng-artisan/laravel-basic-rest/vendor/laravel/framework/src/Illuminate/Support/Facades/DB.php
Invalid Selector...
Invalid Selector...
Invalid Selector...
Invalid Selector...
[Server(13286) file:///home/ghost/Documents/ng-artisan/laravel-basic-rest] Document opened: file:///home/ghost/Documents/ng-artisan/laravel-basic-rest/vendor/laravel/framework/src/Illuminate/Support/Facades/DB.php
[Server(13286) file:///home/ghost/Documents/ng-artisan/laravel-basic-rest] Document changed: file:///home/ghost/Documents/ng-artisan/laravel-basic-rest/vendor/laravel/framework/src/Illuminate/Support/Facades/DB.php
Invalid Selector...
[Server(13286) file:///home/ghost/Documents/ng-artisan/laravel-basic-rest] Document opened: file:///home/ghost/Documents/ng-artisan/laravel-basic-rest/vendor/laravel/framework/src/Illuminate/Support/Facades/DB.php
[Server(13286) file:///home/ghost/Documents/ng-artisan/laravel-basic-rest] Document changed: file:///home/ghost/Documents/ng-artisan/laravel-basic-rest/vendor/laravel/framework/src/Illuminate/Support/Facades/DB.php
Invalid Selector...
[Server(13286) file:///home/ghost/Documents/ng-artisan/laravel-basic-rest] Document opened: file:///home/ghost/Documents/ng-artisan/laravel-basic-rest/vendor/laravel/framework/src/Illuminate/Support/Facades/DB.php
[Server(13286) file:///home/ghost/Documents/ng-artisan/laravel-basic-rest] Document changed: file:///home/ghost/Documents/ng-artisan/laravel-basic-rest/vendor/laravel/framework/src/Illuminate/Support/Facades/DB.php
[Server(13286) file:///home/ghost/Documents/ng-artisan/laravel-basic-rest] Document opened: file:///home/ghost/Documents/ng-artisan/laravel-basic-rest/app/Console/Commands/CreateDatabase.php
[Server(13286) file:///home/ghost/Documents/ng-artisan/laravel-basic-rest] Document changed: file:///home/ghost/Documents/ng-artisan/laravel-basic-rest/app/Console/Commands/CreateDatabase.php
[Server(12704) file:///home/ghost/Documents/ng-artisan/generator-ng-artisan] Document changed: file:///home/ghost/Documents/ng-artisan/generator-ng-artisan/myback/app/Console/Commands/CreateDatabase.php
[Server(12704) file:///home/ghost/Documents/ng-artisan/generator-ng-artisan] Document changed: file:///home/ghost/Documents/ng-artisan/generator-ng-artisan/myback/app/Console/Commands/CreateDatabase.php
[Server(12704) file:///home/ghost/Documents/ng-artisan/generator-ng-artisan] Document changed: file:///home/ghost/Documents/ng-artisan/generator-ng-artisan/myback/app/Console/Commands/CreateDatabase.php
[Server(13286) file:///home/ghost/Documents/ng-artisan/laravel-basic-rest] Document changed: file:///home/ghost/Documents/ng-artisan/laravel-basic-rest/config/database.php
[Server(13286) file:///home/ghost/Documents/ng-artisan/laravel-basic-rest] Document changed: file:///home/ghost/Documents/ng-artisan/laravel-basic-rest/config/database.php
[Server(13286) file:///home/ghost/Documents/ng-artisan/laravel-basic-rest] Document changed: file:///home/ghost/Documents/ng-artisan/laravel-basic-rest/config/database.php
[Server(12704) file:///home/ghost/Documents/ng-artisan/generator-ng-artisan] Document changed: file:///home/ghost/Documents/ng-artisan/generator-ng-artisan/myback/app/Console/Commands/CreateDatabase.php
[Server(12704) file:///home/ghost/Documents/ng-artisan/generator-ng-artisan] Document changed: file:///home/ghost/Documents/ng-artisan/generator-ng-artisan/myback/app/Console/Commands/CreateDatabase.php
[Server(12704) file:///home/ghost/Documents/ng-artisan/generator-ng-artisan] Document changed: file:///home/ghost/Documents/ng-artisan/generator-ng-artisan/myback/app/Console/Commands/CreateDatabase.php
[Server(12704) file:///home/ghost/Documents/ng-artisan/generator-ng-artisan] Document changed: file:///home/ghost/Documents/ng-artisan/generator-ng-artisan/myback/app/Console/Commands/CreateDatabase.php
[Server(12704) file:///home/ghost/Documents/ng-artisan/generator-ng-artisan] Document changed: file:///home/ghost/Documents/ng-artisan/generator-ng-artisan/myback/app/Console/Commands/CreateDatabase.php
[Server(12704) file:///home/ghost/Documents/ng-artisan/generator-ng-artisan] Document changed: file:///home/ghost/Documents/ng-artisan/generator-ng-artisan/myback/app/Console/Commands/CreateDatabase.php
[Server(12704) file:///home/ghost/Documents/ng-artisan/generator-ng-artisan] Document changed: file:///home/ghost/Documents/ng-artisan/generator-ng-artisan/myback/app/Console/Commands/CreateDatabase.php
[Server(12704) file:///home/ghost/Documents/ng-artisan/generator-ng-artisan] Document changed: file:///home/ghost/Documents/ng-artisan/generator-ng-artisan/myback/app/Console/Commands/CreateDatabase.php
[Server(12704) file:///home/ghost/Documents/ng-artisan/generator-ng-artisan] Document changed: file:///home/ghost/Documents/ng-artisan/generator-ng-artisan/myback/app/Console/Commands/CreateDatabase.php
[Server(12704) file:///home/ghost/Documents/ng-artisan/generator-ng-artisan] Document changed: file:///home/ghost/Documents/ng-artisan/generator-ng-artisan/myback/app/Console/Commands/CreateDatabase.php
[Server(12704) file:///home/ghost/Documents/ng-artisan/generator-ng-artisan] Document changed: file:///home/ghost/Documents/ng-artisan/generator-ng-artisan/myback/app/Console/Commands/CreateDatabase.php
[Server(12704) file:///home/ghost/Documents/ng-artisan/generator-ng-artisan] Document changed: file:///home/ghost/Documents/ng-artisan/generator-ng-artisan/myback/app/Console/Commands/CreateDatabase.php
[Server(12704) file:///home/ghost/Documents/ng-artisan/generator-ng-artisan] Document changed: file:///home/ghost/Documents/ng-artisan/generator-ng-artisan/myback/app/Console/Commands/CreateDatabase.php
[Server(12704) file:///home/ghost/Documents/ng-artisan/generator-ng-artisan] Document changed: file:///home/ghost/Documents/ng-artisan/generator-ng-artisan/myback/app/Console/Commands/CreateDatabase.php
[Server(12704) file:///home/ghost/Documents/ng-artisan/generator-ng-artisan] Document changed: file:///home/ghost/Documents/ng-artisan/generator-ng-artisan/myback/app/Console/Commands/CreateDatabase.php
Invalid Selector...
[Server(12704) file:///home/ghost/Documents/ng-artisan/generator-ng-artisan] Document changed: file:///home/ghost/Documents/ng-artisan/generator-ng-artisan/myback/app/Console/Commands/CreateDatabase.php
[Server(12704) file:///home/ghost/Documents/ng-artisan/generator-ng-artisan] Document changed: file:///home/ghost/Documents/ng-artisan/generator-ng-artisan/myback/app/Console/Commands/CreateDatabase.php
