[2019-08-20 09:58:52.726] [renderer1] [warning] UNRESPONSIVE extension host, 'Zignd.html-css-class-completion' took 26% of 5921.384ms, saved PROFILE here: '/tmp/exthost-a38733.cpuprofile' [{"id":"esbenp.prettier-vscode","total":1498122,"percentage":25},{"id":"gc","total":148662,"percentage":3},{"id":"manasxx.background-cover","total":54981,"percentage":1},{"id":"mblode.twig-language","total":978889,"percentage":17},{"id":"oderwat.indent-rainbow","total":780,"percentage":0},{"id":"pranaygp.vscode-css-peek","total":681269,"percentage":12},{"id":"remimarsal.prettier-now","total":888874,"percentage":15},{"id":"self","total":141221,"percentage":2},{"id":"Zignd.html-css-class-completion","total":1518219,"percentage":26}]
[2019-08-20 09:59:14.085] [renderer1] [warning] UNRESPONSIVE extension host, 'remimarsal.prettier-now' took 28% of 5967.581ms, saved PROFILE here: '/tmp/exthost-e7d8e6.cpuprofile' [{"id":"esbenp.prettier-vscode","total":1012350,"percentage":17},{"id":"gc","total":140504,"percentage":2},{"id":"manasxx.background-cover","total":51226,"percentage":1},{"id":"mblode.twig-language","total":1384470,"percentage":23},{"id":"oderwat.indent-rainbow","total":4467,"percentage":0},{"id":"pranaygp.vscode-css-peek","total":1330810,"percentage":22},{"id":"remimarsal.prettier-now","total":1698688,"percentage":28},{"id":"self","total":155728,"percentage":3},{"id":"Zignd.html-css-class-completion","total":188611,"percentage":3}]
[2019-08-20 10:01:53.154] [renderer1] [error] Cannot read property 'document' of undefined: TypeError: Cannot read property 'document' of undefined
    at vscode_1.window.onDidChangeActiveTextEditor (/home/ghost/.vscode/extensions/remimarsal.prettier-now-1.4.9/out/src/status.js:44:74)
    at u.fire (/snap/code/12/usr/share/code/resources/app/out/vs/workbench/services/extensions/node/extensionHostProcess.js:50:207)
    at define.constructor._extHostDocumentsAndEditors.onDidChangeActiveTextEditor.e (/snap/code/12/usr/share/code/resources/app/out/vs/workbench/services/extensions/node/extensionHostProcess.js:607:927)
    at u.fire (/snap/code/12/usr/share/code/resources/app/out/vs/workbench/services/extensions/node/extensionHostProcess.js:50:207)
    at u.$acceptDocumentsAndEditorsDelta (/snap/code/12/usr/share/code/resources/app/out/vs/workbench/services/extensions/node/extensionHostProcess.js:543:482)
    at d._doInvokeHandler (/snap/code/12/usr/share/code/resources/app/out/vs/workbench/services/extensions/node/extensionHostProcess.js:668:1006)
    at d._invokeHandler (/snap/code/12/usr/share/code/resources/app/out/vs/workbench/services/extensions/node/extensionHostProcess.js:668:698)
    at d._receiveRequest (/snap/code/12/usr/share/code/resources/app/out/vs/workbench/services/extensions/node/extensionHostProcess.js:667:346)
    at d._receiveOneMessage (/snap/code/12/usr/share/code/resources/app/out/vs/workbench/services/extensions/node/extensionHostProcess.js:666:141)
    at define.constructor._protocol.onMessage.e (/snap/code/12/usr/share/code/resources/app/out/vs/workbench/services/extensions/node/extensionHostProcess.js:664:400)
    at u.fire (/snap/code/12/usr/share/code/resources/app/out/vs/workbench/services/extensions/node/extensionHostProcess.js:50:207)
    at a (/snap/code/12/usr/share/code/resources/app/out/vs/workbench/services/extensions/node/extensionHostProcess.js:180:27)
    at e (/snap/code/12/usr/share/code/resources/app/out/vs/workbench/services/extensions/node/extensionHostProcess.js:180:73)
    at u.fire (/snap/code/12/usr/share/code/resources/app/out/vs/workbench/services/extensions/node/extensionHostProcess.js:50:207)
    at n.constructor.e.onMessage.e (/snap/code/12/usr/share/code/resources/app/out/vs/workbench/services/extensions/node/extensionHostProcess.js:775:104)
    at u.fire (/snap/code/12/usr/share/code/resources/app/out/vs/workbench/services/extensions/node/extensionHostProcess.js:50:207)
    at a (/snap/code/12/usr/share/code/resources/app/out/vs/workbench/services/extensions/node/extensionHostProcess.js:180:27)
    at e (/snap/code/12/usr/share/code/resources/app/out/vs/workbench/services/extensions/node/extensionHostProcess.js:180:73)
    at u.fire (/snap/code/12/usr/share/code/resources/app/out/vs/workbench/services/extensions/node/extensionHostProcess.js:50:207)
    at y._receiveMessage (/snap/code/12/usr/share/code/resources/app/out/vs/workbench/services/extensions/node/extensionHostProcess.js:188:921)
    at define.constructor._socketDisposables.push._socketReader.onMessage.e (/snap/code/12/usr/share/code/resources/app/out/vs/workbench/services/extensions/node/extensionHostProcess.js:186:204)
    at u.fire (/snap/code/12/usr/share/code/resources/app/out/vs/workbench/services/extensions/node/extensionHostProcess.js:50:207)
    at f.acceptChunk (/snap/code/12/usr/share/code/resources/app/out/vs/workbench/services/extensions/node/extensionHostProcess.js:182:778)
    at define.constructor._register._socket.onData.e (/snap/code/12/usr/share/code/resources/app/out/vs/workbench/services/extensions/node/extensionHostProcess.js:182:130)
    at Socket.t (/snap/code/12/usr/share/code/resources/app/out/vs/workbench/services/extensions/node/extensionHostProcess.js:190:419)
    at Socket.emit (events.js:182:13)
    at addChunk (_stream_readable.js:283:12)
    at readableAddChunk (_stream_readable.js:264:11)
    at Socket.Readable.push (_stream_readable.js:219:10)
    at Pipe.onStreamRead [as onread] (internal/stream_base_commons.js:94:17)
[2019-08-20 10:01:56.646] [renderer1] [error] Cannot read property 'document' of undefined: TypeError: Cannot read property 'document' of undefined
    at vscode_1.window.onDidChangeActiveTextEditor (/home/ghost/.vscode/extensions/remimarsal.prettier-now-1.4.9/out/src/status.js:44:74)
    at u.fire (/snap/code/12/usr/share/code/resources/app/out/vs/workbench/services/extensions/node/extensionHostProcess.js:50:207)
    at define.constructor._extHostDocumentsAndEditors.onDidChangeActiveTextEditor.e (/snap/code/12/usr/share/code/resources/app/out/vs/workbench/services/extensions/node/extensionHostProcess.js:607:927)
    at u.fire (/snap/code/12/usr/share/code/resources/app/out/vs/workbench/services/extensions/node/extensionHostProcess.js:50:207)
    at u.$acceptDocumentsAndEditorsDelta (/snap/code/12/usr/share/code/resources/app/out/vs/workbench/services/extensions/node/extensionHostProcess.js:543:482)
    at d._doInvokeHandler (/snap/code/12/usr/share/code/resources/app/out/vs/workbench/services/extensions/node/extensionHostProcess.js:668:1006)
    at d._invokeHandler (/snap/code/12/usr/share/code/resources/app/out/vs/workbench/services/extensions/node/extensionHostProcess.js:668:698)
    at d._receiveRequest (/snap/code/12/usr/share/code/resources/app/out/vs/workbench/services/extensions/node/extensionHostProcess.js:667:346)
    at d._receiveOneMessage (/snap/code/12/usr/share/code/resources/app/out/vs/workbench/services/extensions/node/extensionHostProcess.js:666:141)
    at define.constructor._protocol.onMessage.e (/snap/code/12/usr/share/code/resources/app/out/vs/workbench/services/extensions/node/extensionHostProcess.js:664:400)
    at u.fire (/snap/code/12/usr/share/code/resources/app/out/vs/workbench/services/extensions/node/extensionHostProcess.js:50:207)
    at a (/snap/code/12/usr/share/code/resources/app/out/vs/workbench/services/extensions/node/extensionHostProcess.js:180:27)
    at e (/snap/code/12/usr/share/code/resources/app/out/vs/workbench/services/extensions/node/extensionHostProcess.js:180:73)
    at u.fire (/snap/code/12/usr/share/code/resources/app/out/vs/workbench/services/extensions/node/extensionHostProcess.js:50:207)
    at n.constructor.e.onMessage.e (/snap/code/12/usr/share/code/resources/app/out/vs/workbench/services/extensions/node/extensionHostProcess.js:775:104)
    at u.fire (/snap/code/12/usr/share/code/resources/app/out/vs/workbench/services/extensions/node/extensionHostProcess.js:50:207)
    at a (/snap/code/12/usr/share/code/resources/app/out/vs/workbench/services/extensions/node/extensionHostProcess.js:180:27)
    at e (/snap/code/12/usr/share/code/resources/app/out/vs/workbench/services/extensions/node/extensionHostProcess.js:180:73)
    at u.fire (/snap/code/12/usr/share/code/resources/app/out/vs/workbench/services/extensions/node/extensionHostProcess.js:50:207)
    at y._receiveMessage (/snap/code/12/usr/share/code/resources/app/out/vs/workbench/services/extensions/node/extensionHostProcess.js:188:921)
    at define.constructor._socketDisposables.push._socketReader.onMessage.e (/snap/code/12/usr/share/code/resources/app/out/vs/workbench/services/extensions/node/extensionHostProcess.js:186:204)
    at u.fire (/snap/code/12/usr/share/code/resources/app/out/vs/workbench/services/extensions/node/extensionHostProcess.js:50:207)
    at f.acceptChunk (/snap/code/12/usr/share/code/resources/app/out/vs/workbench/services/extensions/node/extensionHostProcess.js:182:778)
    at define.constructor._register._socket.onData.e (/snap/code/12/usr/share/code/resources/app/out/vs/workbench/services/extensions/node/extensionHostProcess.js:182:130)
    at Socket.t (/snap/code/12/usr/share/code/resources/app/out/vs/workbench/services/extensions/node/extensionHostProcess.js:190:419)
    at Socket.emit (events.js:182:13)
    at addChunk (_stream_readable.js:283:12)
    at readableAddChunk (_stream_readable.js:264:11)
    at Socket.Readable.push (_stream_readable.js:219:10)
    at Pipe.onStreamRead [as onread] (internal/stream_base_commons.js:94:17)
[2019-08-20 10:04:34.516] [renderer1] [error] Cannot read property 'document' of undefined: TypeError: Cannot read property 'document' of undefined
    at vscode_1.window.onDidChangeActiveTextEditor (/home/ghost/.vscode/extensions/remimarsal.prettier-now-1.4.9/out/src/status.js:44:74)
    at u.fire (/snap/code/12/usr/share/code/resources/app/out/vs/workbench/services/extensions/node/extensionHostProcess.js:50:207)
    at define.constructor._extHostDocumentsAndEditors.onDidChangeActiveTextEditor.e (/snap/code/12/usr/share/code/resources/app/out/vs/workbench/services/extensions/node/extensionHostProcess.js:607:927)
    at u.fire (/snap/code/12/usr/share/code/resources/app/out/vs/workbench/services/extensions/node/extensionHostProcess.js:50:207)
    at u.$acceptDocumentsAndEditorsDelta (/snap/code/12/usr/share/code/resources/app/out/vs/workbench/services/extensions/node/extensionHostProcess.js:543:482)
    at d._doInvokeHandler (/snap/code/12/usr/share/code/resources/app/out/vs/workbench/services/extensions/node/extensionHostProcess.js:668:1006)
    at d._invokeHandler (/snap/code/12/usr/share/code/resources/app/out/vs/workbench/services/extensions/node/extensionHostProcess.js:668:698)
    at d._receiveRequest (/snap/code/12/usr/share/code/resources/app/out/vs/workbench/services/extensions/node/extensionHostProcess.js:667:346)
    at d._receiveOneMessage (/snap/code/12/usr/share/code/resources/app/out/vs/workbench/services/extensions/node/extensionHostProcess.js:666:141)
    at define.constructor._protocol.onMessage.e (/snap/code/12/usr/share/code/resources/app/out/vs/workbench/services/extensions/node/extensionHostProcess.js:664:400)
    at u.fire (/snap/code/12/usr/share/code/resources/app/out/vs/workbench/services/extensions/node/extensionHostProcess.js:50:207)
    at a (/snap/code/12/usr/share/code/resources/app/out/vs/workbench/services/extensions/node/extensionHostProcess.js:180:27)
    at e (/snap/code/12/usr/share/code/resources/app/out/vs/workbench/services/extensions/node/extensionHostProcess.js:180:73)
    at u.fire (/snap/code/12/usr/share/code/resources/app/out/vs/workbench/services/extensions/node/extensionHostProcess.js:50:207)
    at n.constructor.e.onMessage.e (/snap/code/12/usr/share/code/resources/app/out/vs/workbench/services/extensions/node/extensionHostProcess.js:775:104)
    at u.fire (/snap/code/12/usr/share/code/resources/app/out/vs/workbench/services/extensions/node/extensionHostProcess.js:50:207)
    at a (/snap/code/12/usr/share/code/resources/app/out/vs/workbench/services/extensions/node/extensionHostProcess.js:180:27)
    at e (/snap/code/12/usr/share/code/resources/app/out/vs/workbench/services/extensions/node/extensionHostProcess.js:180:73)
    at u.fire (/snap/code/12/usr/share/code/resources/app/out/vs/workbench/services/extensions/node/extensionHostProcess.js:50:207)
    at y._receiveMessage (/snap/code/12/usr/share/code/resources/app/out/vs/workbench/services/extensions/node/extensionHostProcess.js:188:921)
    at define.constructor._socketDisposables.push._socketReader.onMessage.e (/snap/code/12/usr/share/code/resources/app/out/vs/workbench/services/extensions/node/extensionHostProcess.js:186:204)
    at u.fire (/snap/code/12/usr/share/code/resources/app/out/vs/workbench/services/extensions/node/extensionHostProcess.js:50:207)
    at f.acceptChunk (/snap/code/12/usr/share/code/resources/app/out/vs/workbench/services/extensions/node/extensionHostProcess.js:182:778)
    at define.constructor._register._socket.onData.e (/snap/code/12/usr/share/code/resources/app/out/vs/workbench/services/extensions/node/extensionHostProcess.js:182:130)
    at Socket.t (/snap/code/12/usr/share/code/resources/app/out/vs/workbench/services/extensions/node/extensionHostProcess.js:190:419)
    at Socket.emit (events.js:182:13)
    at addChunk (_stream_readable.js:283:12)
    at readableAddChunk (_stream_readable.js:264:11)
    at Socket.Readable.push (_stream_readable.js:219:10)
    at Pipe.onStreamRead [as onread] (internal/stream_base_commons.js:94:17)
[2019-08-20 10:09:33.396] [renderer1] [warning] UNRESPONSIVE extension host, 'vscode.git' took 52% of 1143.193ms, saved PROFILE here: '/tmp/exthost-874897.cpuprofile' [{"id":"felixfbecker.php-intellisense","total":383090,"percentage":34},{"id":"gc","total":62480,"percentage":5},{"id":"program","total":10614,"percentage":1},{"id":"self","total":88781,"percentage":8},{"id":"vscode.git","total":596179,"percentage":52},{"id":"vscode.json-language-features","total":1525,"percentage":0}]
[2019-08-20 10:21:02.059] [renderer1] [error] Cannot read property 'document' of undefined: TypeError: Cannot read property 'document' of undefined
    at vscode_1.window.onDidChangeActiveTextEditor (/home/ghost/.vscode/extensions/remimarsal.prettier-now-1.4.9/out/src/status.js:44:74)
    at u.fire (/snap/code/12/usr/share/code/resources/app/out/vs/workbench/services/extensions/node/extensionHostProcess.js:50:207)
    at define.constructor._extHostDocumentsAndEditors.onDidChangeActiveTextEditor.e (/snap/code/12/usr/share/code/resources/app/out/vs/workbench/services/extensions/node/extensionHostProcess.js:607:927)
    at u.fire (/snap/code/12/usr/share/code/resources/app/out/vs/workbench/services/extensions/node/extensionHostProcess.js:50:207)
    at u.$acceptDocumentsAndEditorsDelta (/snap/code/12/usr/share/code/resources/app/out/vs/workbench/services/extensions/node/extensionHostProcess.js:543:482)
    at d._doInvokeHandler (/snap/code/12/usr/share/code/resources/app/out/vs/workbench/services/extensions/node/extensionHostProcess.js:668:1006)
    at d._invokeHandler (/snap/code/12/usr/share/code/resources/app/out/vs/workbench/services/extensions/node/extensionHostProcess.js:668:698)
    at d._receiveRequest (/snap/code/12/usr/share/code/resources/app/out/vs/workbench/services/extensions/node/extensionHostProcess.js:667:346)
    at d._receiveOneMessage (/snap/code/12/usr/share/code/resources/app/out/vs/workbench/services/extensions/node/extensionHostProcess.js:666:141)
    at define.constructor._protocol.onMessage.e (/snap/code/12/usr/share/code/resources/app/out/vs/workbench/services/extensions/node/extensionHostProcess.js:664:400)
    at u.fire (/snap/code/12/usr/share/code/resources/app/out/vs/workbench/services/extensions/node/extensionHostProcess.js:50:207)
    at a (/snap/code/12/usr/share/code/resources/app/out/vs/workbench/services/extensions/node/extensionHostProcess.js:180:27)
    at e (/snap/code/12/usr/share/code/resources/app/out/vs/workbench/services/extensions/node/extensionHostProcess.js:180:73)
    at u.fire (/snap/code/12/usr/share/code/resources/app/out/vs/workbench/services/extensions/node/extensionHostProcess.js:50:207)
    at n.constructor.e.onMessage.e (/snap/code/12/usr/share/code/resources/app/out/vs/workbench/services/extensions/node/extensionHostProcess.js:775:104)
    at u.fire (/snap/code/12/usr/share/code/resources/app/out/vs/workbench/services/extensions/node/extensionHostProcess.js:50:207)
    at a (/snap/code/12/usr/share/code/resources/app/out/vs/workbench/services/extensions/node/extensionHostProcess.js:180:27)
    at e (/snap/code/12/usr/share/code/resources/app/out/vs/workbench/services/extensions/node/extensionHostProcess.js:180:73)
    at u.fire (/snap/code/12/usr/share/code/resources/app/out/vs/workbench/services/extensions/node/extensionHostProcess.js:50:207)
    at y._receiveMessage (/snap/code/12/usr/share/code/resources/app/out/vs/workbench/services/extensions/node/extensionHostProcess.js:188:921)
    at define.constructor._socketDisposables.push._socketReader.onMessage.e (/snap/code/12/usr/share/code/resources/app/out/vs/workbench/services/extensions/node/extensionHostProcess.js:186:204)
    at u.fire (/snap/code/12/usr/share/code/resources/app/out/vs/workbench/services/extensions/node/extensionHostProcess.js:50:207)
    at f.acceptChunk (/snap/code/12/usr/share/code/resources/app/out/vs/workbench/services/extensions/node/extensionHostProcess.js:182:778)
    at define.constructor._register._socket.onData.e (/snap/code/12/usr/share/code/resources/app/out/vs/workbench/services/extensions/node/extensionHostProcess.js:182:130)
    at Socket.t (/snap/code/12/usr/share/code/resources/app/out/vs/workbench/services/extensions/node/extensionHostProcess.js:190:419)
    at Socket.emit (events.js:182:13)
    at addChunk (_stream_readable.js:283:12)
    at readableAddChunk (_stream_readable.js:264:11)
    at Socket.Readable.push (_stream_readable.js:219:10)
    at Pipe.onStreamRead [as onread] (internal/stream_base_commons.js:94:17)
[2019-08-20 11:02:10.040] [renderer1] [error] Error: [File Watcher (nswf)] Inotify limit reached (ENOSPC)
[2019-08-20 11:02:10.079] [renderer1] [error] [File Watcher (nswf)] Inotify limit reached (ENOSPC)
[2019-08-20 11:19:04.643] [renderer1] [error] Cannot read property 'document' of undefined: TypeError: Cannot read property 'document' of undefined
    at vscode_1.window.onDidChangeActiveTextEditor (/home/ghost/.vscode/extensions/remimarsal.prettier-now-1.4.9/out/src/status.js:44:74)
    at u.fire (/snap/code/12/usr/share/code/resources/app/out/vs/workbench/services/extensions/node/extensionHostProcess.js:50:207)
    at define.constructor._extHostDocumentsAndEditors.onDidChangeActiveTextEditor.e (/snap/code/12/usr/share/code/resources/app/out/vs/workbench/services/extensions/node/extensionHostProcess.js:607:927)
    at u.fire (/snap/code/12/usr/share/code/resources/app/out/vs/workbench/services/extensions/node/extensionHostProcess.js:50:207)
    at u.$acceptDocumentsAndEditorsDelta (/snap/code/12/usr/share/code/resources/app/out/vs/workbench/services/extensions/node/extensionHostProcess.js:543:482)
    at d._doInvokeHandler (/snap/code/12/usr/share/code/resources/app/out/vs/workbench/services/extensions/node/extensionHostProcess.js:668:1006)
    at d._invokeHandler (/snap/code/12/usr/share/code/resources/app/out/vs/workbench/services/extensions/node/extensionHostProcess.js:668:698)
    at d._receiveRequest (/snap/code/12/usr/share/code/resources/app/out/vs/workbench/services/extensions/node/extensionHostProcess.js:667:346)
    at d._receiveOneMessage (/snap/code/12/usr/share/code/resources/app/out/vs/workbench/services/extensions/node/extensionHostProcess.js:666:141)
    at define.constructor._protocol.onMessage.e (/snap/code/12/usr/share/code/resources/app/out/vs/workbench/services/extensions/node/extensionHostProcess.js:664:400)
    at u.fire (/snap/code/12/usr/share/code/resources/app/out/vs/workbench/services/extensions/node/extensionHostProcess.js:50:207)
    at a (/snap/code/12/usr/share/code/resources/app/out/vs/workbench/services/extensions/node/extensionHostProcess.js:180:27)
    at e (/snap/code/12/usr/share/code/resources/app/out/vs/workbench/services/extensions/node/extensionHostProcess.js:180:73)
    at u.fire (/snap/code/12/usr/share/code/resources/app/out/vs/workbench/services/extensions/node/extensionHostProcess.js:50:207)
    at n.constructor.e.onMessage.e (/snap/code/12/usr/share/code/resources/app/out/vs/workbench/services/extensions/node/extensionHostProcess.js:775:104)
    at u.fire (/snap/code/12/usr/share/code/resources/app/out/vs/workbench/services/extensions/node/extensionHostProcess.js:50:207)
    at a (/snap/code/12/usr/share/code/resources/app/out/vs/workbench/services/extensions/node/extensionHostProcess.js:180:27)
    at e (/snap/code/12/usr/share/code/resources/app/out/vs/workbench/services/extensions/node/extensionHostProcess.js:180:73)
    at u.fire (/snap/code/12/usr/share/code/resources/app/out/vs/workbench/services/extensions/node/extensionHostProcess.js:50:207)
    at y._receiveMessage (/snap/code/12/usr/share/code/resources/app/out/vs/workbench/services/extensions/node/extensionHostProcess.js:188:921)
    at define.constructor._socketDisposables.push._socketReader.onMessage.e (/snap/code/12/usr/share/code/resources/app/out/vs/workbench/services/extensions/node/extensionHostProcess.js:186:204)
    at u.fire (/snap/code/12/usr/share/code/resources/app/out/vs/workbench/services/extensions/node/extensionHostProcess.js:50:207)
    at f.acceptChunk (/snap/code/12/usr/share/code/resources/app/out/vs/workbench/services/extensions/node/extensionHostProcess.js:182:778)
    at define.constructor._register._socket.onData.e (/snap/code/12/usr/share/code/resources/app/out/vs/workbench/services/extensions/node/extensionHostProcess.js:182:130)
    at Socket.t (/snap/code/12/usr/share/code/resources/app/out/vs/workbench/services/extensions/node/extensionHostProcess.js:190:419)
    at Socket.emit (events.js:182:13)
    at addChunk (_stream_readable.js:283:12)
    at readableAddChunk (_stream_readable.js:264:11)
    at Socket.Readable.push (_stream_readable.js:219:10)
    at Pipe.onStreamRead [as onread] (internal/stream_base_commons.js:94:17)
[2019-08-20 12:12:06.139] [renderer1] [error] Cannot read property 'document' of undefined: TypeError: Cannot read property 'document' of undefined
    at vscode_1.window.onDidChangeActiveTextEditor (/home/ghost/.vscode/extensions/remimarsal.prettier-now-1.4.9/out/src/status.js:44:74)
    at u.fire (/snap/code/12/usr/share/code/resources/app/out/vs/workbench/services/extensions/node/extensionHostProcess.js:50:207)
    at define.constructor._extHostDocumentsAndEditors.onDidChangeActiveTextEditor.e (/snap/code/12/usr/share/code/resources/app/out/vs/workbench/services/extensions/node/extensionHostProcess.js:607:927)
    at u.fire (/snap/code/12/usr/share/code/resources/app/out/vs/workbench/services/extensions/node/extensionHostProcess.js:50:207)
    at u.$acceptDocumentsAndEditorsDelta (/snap/code/12/usr/share/code/resources/app/out/vs/workbench/services/extensions/node/extensionHostProcess.js:543:482)
    at d._doInvokeHandler (/snap/code/12/usr/share/code/resources/app/out/vs/workbench/services/extensions/node/extensionHostProcess.js:668:1006)
    at d._invokeHandler (/snap/code/12/usr/share/code/resources/app/out/vs/workbench/services/extensions/node/extensionHostProcess.js:668:698)
    at d._receiveRequest (/snap/code/12/usr/share/code/resources/app/out/vs/workbench/services/extensions/node/extensionHostProcess.js:667:346)
    at d._receiveOneMessage (/snap/code/12/usr/share/code/resources/app/out/vs/workbench/services/extensions/node/extensionHostProcess.js:666:141)
    at define.constructor._protocol.onMessage.e (/snap/code/12/usr/share/code/resources/app/out/vs/workbench/services/extensions/node/extensionHostProcess.js:664:400)
    at u.fire (/snap/code/12/usr/share/code/resources/app/out/vs/workbench/services/extensions/node/extensionHostProcess.js:50:207)
    at a (/snap/code/12/usr/share/code/resources/app/out/vs/workbench/services/extensions/node/extensionHostProcess.js:180:27)
    at e (/snap/code/12/usr/share/code/resources/app/out/vs/workbench/services/extensions/node/extensionHostProcess.js:180:73)
    at u.fire (/snap/code/12/usr/share/code/resources/app/out/vs/workbench/services/extensions/node/extensionHostProcess.js:50:207)
    at n.constructor.e.onMessage.e (/snap/code/12/usr/share/code/resources/app/out/vs/workbench/services/extensions/node/extensionHostProcess.js:775:104)
    at u.fire (/snap/code/12/usr/share/code/resources/app/out/vs/workbench/services/extensions/node/extensionHostProcess.js:50:207)
    at a (/snap/code/12/usr/share/code/resources/app/out/vs/workbench/services/extensions/node/extensionHostProcess.js:180:27)
    at e (/snap/code/12/usr/share/code/resources/app/out/vs/workbench/services/extensions/node/extensionHostProcess.js:180:73)
    at u.fire (/snap/code/12/usr/share/code/resources/app/out/vs/workbench/services/extensions/node/extensionHostProcess.js:50:207)
    at y._receiveMessage (/snap/code/12/usr/share/code/resources/app/out/vs/workbench/services/extensions/node/extensionHostProcess.js:188:921)
    at define.constructor._socketDisposables.push._socketReader.onMessage.e (/snap/code/12/usr/share/code/resources/app/out/vs/workbench/services/extensions/node/extensionHostProcess.js:186:204)
    at u.fire (/snap/code/12/usr/share/code/resources/app/out/vs/workbench/services/extensions/node/extensionHostProcess.js:50:207)
    at f.acceptChunk (/snap/code/12/usr/share/code/resources/app/out/vs/workbench/services/extensions/node/extensionHostProcess.js:182:778)
    at define.constructor._register._socket.onData.e (/snap/code/12/usr/share/code/resources/app/out/vs/workbench/services/extensions/node/extensionHostProcess.js:182:130)
    at Socket.t (/snap/code/12/usr/share/code/resources/app/out/vs/workbench/services/extensions/node/extensionHostProcess.js:190:419)
    at Socket.emit (events.js:182:13)
    at addChunk (_stream_readable.js:283:12)
    at readableAddChunk (_stream_readable.js:264:11)
    at Socket.Readable.push (_stream_readable.js:219:10)
    at Pipe.onStreamRead [as onread] (internal/stream_base_commons.js:94:17)
[2019-08-20 12:24:58.585] [renderer1] [error] Data tree node not found: [object Object]: Error: Data tree node not found: [object Object]
    at X.getDataNode (file:///snap/code/12/usr/share/code/resources/app/out/vs/workbench/workbench.main.js:979:433)
    at X.<anonymous> (file:///snap/code/12/usr/share/code/resources/app/out/vs/workbench/workbench.main.js:977:765)
    at Generator.next (<anonymous>)
    at file:///snap/code/12/usr/share/code/resources/app/out/vs/workbench/workbench.main.js:35:460
    at new Promise (<anonymous>)
    at n (file:///snap/code/12/usr/share/code/resources/app/out/vs/workbench/workbench.main.js:35:237)
    at X.expand (file:///snap/code/12/usr/share/code/resources/app/out/vs/workbench/workbench.main.js:977:532)
    at e.<anonymous> (file:///snap/code/12/usr/share/code/resources/app/out/vs/workbench/workbench.main.js:5553:500)
    at Generator.next (<anonymous>)
    at r (file:///snap/code/12/usr/share/code/resources/app/out/vs/workbench/workbench.main.js:35:293)
[2019-08-20 12:25:05.186] [renderer1] [error] Cannot read property 'document' of undefined: TypeError: Cannot read property 'document' of undefined
    at vscode_1.window.onDidChangeActiveTextEditor (/home/ghost/.vscode/extensions/remimarsal.prettier-now-1.4.9/out/src/status.js:44:74)
    at u.fire (/snap/code/12/usr/share/code/resources/app/out/vs/workbench/services/extensions/node/extensionHostProcess.js:50:207)
    at define.constructor._extHostDocumentsAndEditors.onDidChangeActiveTextEditor.e (/snap/code/12/usr/share/code/resources/app/out/vs/workbench/services/extensions/node/extensionHostProcess.js:607:927)
    at u.fire (/snap/code/12/usr/share/code/resources/app/out/vs/workbench/services/extensions/node/extensionHostProcess.js:50:207)
    at u.$acceptDocumentsAndEditorsDelta (/snap/code/12/usr/share/code/resources/app/out/vs/workbench/services/extensions/node/extensionHostProcess.js:543:482)
    at d._doInvokeHandler (/snap/code/12/usr/share/code/resources/app/out/vs/workbench/services/extensions/node/extensionHostProcess.js:668:1006)
    at d._invokeHandler (/snap/code/12/usr/share/code/resources/app/out/vs/workbench/services/extensions/node/extensionHostProcess.js:668:698)
    at d._receiveRequest (/snap/code/12/usr/share/code/resources/app/out/vs/workbench/services/extensions/node/extensionHostProcess.js:667:346)
    at d._receiveOneMessage (/snap/code/12/usr/share/code/resources/app/out/vs/workbench/services/extensions/node/extensionHostProcess.js:666:141)
    at define.constructor._protocol.onMessage.e (/snap/code/12/usr/share/code/resources/app/out/vs/workbench/services/extensions/node/extensionHostProcess.js:664:400)
    at u.fire (/snap/code/12/usr/share/code/resources/app/out/vs/workbench/services/extensions/node/extensionHostProcess.js:50:207)
    at a (/snap/code/12/usr/share/code/resources/app/out/vs/workbench/services/extensions/node/extensionHostProcess.js:180:27)
    at e (/snap/code/12/usr/share/code/resources/app/out/vs/workbench/services/extensions/node/extensionHostProcess.js:180:73)
    at u.fire (/snap/code/12/usr/share/code/resources/app/out/vs/workbench/services/extensions/node/extensionHostProcess.js:50:207)
    at n.constructor.e.onMessage.e (/snap/code/12/usr/share/code/resources/app/out/vs/workbench/services/extensions/node/extensionHostProcess.js:775:104)
    at u.fire (/snap/code/12/usr/share/code/resources/app/out/vs/workbench/services/extensions/node/extensionHostProcess.js:50:207)
    at a (/snap/code/12/usr/share/code/resources/app/out/vs/workbench/services/extensions/node/extensionHostProcess.js:180:27)
    at e (/snap/code/12/usr/share/code/resources/app/out/vs/workbench/services/extensions/node/extensionHostProcess.js:180:73)
    at u.fire (/snap/code/12/usr/share/code/resources/app/out/vs/workbench/services/extensions/node/extensionHostProcess.js:50:207)
    at y._receiveMessage (/snap/code/12/usr/share/code/resources/app/out/vs/workbench/services/extensions/node/extensionHostProcess.js:188:921)
    at define.constructor._socketDisposables.push._socketReader.onMessage.e (/snap/code/12/usr/share/code/resources/app/out/vs/workbench/services/extensions/node/extensionHostProcess.js:186:204)
    at u.fire (/snap/code/12/usr/share/code/resources/app/out/vs/workbench/services/extensions/node/extensionHostProcess.js:50:207)
    at f.acceptChunk (/snap/code/12/usr/share/code/resources/app/out/vs/workbench/services/extensions/node/extensionHostProcess.js:182:778)
    at define.constructor._register._socket.onData.e (/snap/code/12/usr/share/code/resources/app/out/vs/workbench/services/extensions/node/extensionHostProcess.js:182:130)
    at Socket.t (/snap/code/12/usr/share/code/resources/app/out/vs/workbench/services/extensions/node/extensionHostProcess.js:190:419)
    at Socket.emit (events.js:182:13)
    at addChunk (_stream_readable.js:283:12)
    at readableAddChunk (_stream_readable.js:264:11)
    at Socket.Readable.push (_stream_readable.js:219:10)
    at Pipe.onStreamRead [as onread] (internal/stream_base_commons.js:94:17)
